{"numFailedTestSuites":0,"numFailedTests":0,"numPassedTestSuites":31,"numPassedTests":373,"numPendingTestSuites":0,"numPendingTests":2,"numRuntimeErrorTestSuites":0,"numTodoTests":0,"numTotalTestSuites":31,"numTotalTests":375,"openHandles":[],"snapshot":{"added":0,"didUpdate":false,"failure":false,"filesAdded":0,"filesRemoved":0,"filesRemovedList":[],"filesUnmatched":0,"filesUpdated":0,"matched":0,"total":0,"unchecked":0,"uncheckedKeysByFile":[],"unmatched":0,"updated":0},"startTime":1762696413478,"success":true,"testResults":[{"assertionResults":[{"ancestorTitles":["PipelineEngine parseSteps"],"duration":2,"failureDetails":[],"failureMessages":[],"fullName":"PipelineEngine parseSteps parses JSON schema string into pipeline steps","invocations":1,"location":null,"numPassingAsserts":2,"retryReasons":[],"status":"passed","title":"parses JSON schema string into pipeline steps"},{"ancestorTitles":["PipelineEngine parseSteps"],"duration":0,"failureDetails":[],"failureMessages":[],"fullName":"PipelineEngine parseSteps returns empty array when schema is invalid JSON","invocations":1,"location":null,"numPassingAsserts":1,"retryReasons":[],"status":"passed","title":"returns empty array when schema is invalid JSON"}],"endTime":1762696418624,"message":"","name":"C:\\Users\\qq100\\Desktop\\迭代目录\\新建文件夹 (4)\\backend\\tests\\unit\\services\\pipelineEngine.mock.test.ts","startTime":1762696413616,"status":"passed","summary":""},{"assertionResults":[{"ancestorTitles":["ImportExportController - 单元测试","exportEntity"],"duration":1,"failureDetails":[],"failureMessages":[],"fullName":"ImportExportController - 单元测试 exportEntity 应该成功导出JSON格式","invocations":1,"location":null,"numPassingAsserts":1,"retryReasons":[],"status":"passed","title":"应该成功导出JSON格式"},{"ancestorTitles":["ImportExportController - 单元测试","exportEntity"],"duration":1,"failureDetails":[],"failureMessages":[],"fullName":"ImportExportController - 单元测试 exportEntity 应该成功导出CSV格式","invocations":1,"location":null,"numPassingAsserts":2,"retryReasons":[],"status":"passed","title":"应该成功导出CSV格式"},{"ancestorTitles":["ImportExportController - 单元测试","exportEntity"],"duration":1,"failureDetails":[],"failureMessages":[],"fullName":"ImportExportController - 单元测试 exportEntity format无效应该返回400","invocations":1,"location":null,"numPassingAsserts":1,"retryReasons":[],"status":"passed","title":"format无效应该返回400"},{"ancestorTitles":["ImportExportController - 单元测试","importContentTexts"],"duration":1,"failureDetails":[],"failureMessages":[],"fullName":"ImportExportController - 单元测试 importContentTexts 应该成功导入JSON数据","invocations":1,"location":null,"numPassingAsserts":1,"retryReasons":[],"status":"passed","title":"应该成功导入JSON数据"},{"ancestorTitles":["ImportExportController - 单元测试","importContentTexts"],"duration":0,"failureDetails":[],"failureMessages":[],"fullName":"ImportExportController - 单元测试 importContentTexts data为空应该返回400","invocations":1,"location":null,"numPassingAsserts":1,"retryReasons":[],"status":"passed","title":"data为空应该返回400"},{"ancestorTitles":["ImportExportController - 单元测试","importContentTexts"],"duration":1,"failureDetails":[],"failureMessages":[],"fullName":"ImportExportController - 单元测试 importContentTexts data不是数组应该返回400","invocations":1,"location":null,"numPassingAsserts":1,"retryReasons":[],"status":"passed","title":"data不是数组应该返回400"}],"endTime":1762696418716,"message":"","name":"C:\\Users\\qq100\\Desktop\\迭代目录\\新建文件夹 (4)\\backend\\tests\\unit\\controllers\\importExport.controller.test.ts","startTime":1762696418634,"status":"passed","summary":""},{"assertionResults":[{"ancestorTitles":["AIGatewayService","chat() - 非流式聊天"],"duration":1,"failureDetails":[],"failureMessages":[],"fullName":"AIGatewayService chat() - 非流式聊天 应该成功调用OpenAI Provider","invocations":1,"location":null,"numPassingAsserts":4,"retryReasons":[],"status":"passed","title":"应该成功调用OpenAI Provider"},{"ancestorTitles":["AIGatewayService","chat() - 非流式聊天"],"duration":1,"failureDetails":[],"failureMessages":[],"fullName":"AIGatewayService chat() - 非流式聊天 应该成功调用Anthropic Provider并适配响应格式","invocations":1,"location":null,"numPassingAsserts":4,"retryReasons":[],"status":"passed","title":"应该成功调用Anthropic Provider并适配响应格式"},{"ancestorTitles":["AIGatewayService","chat() - 非流式聊天"],"duration":0,"failureDetails":[],"failureMessages":[],"fullName":"AIGatewayService chat() - 非流式聊天 应该自动选择Provider（负载均衡）","invocations":1,"location":null,"numPassingAsserts":3,"retryReasons":[],"status":"passed","title":"应该自动选择Provider（负载均衡）"},{"ancestorTitles":["AIGatewayService","chat() - 非流式聊天"],"duration":6,"failureDetails":[],"failureMessages":[],"fullName":"AIGatewayService chat() - 非流式聊天 应该在Provider不存在时抛出错误","invocations":1,"location":null,"numPassingAsserts":1,"retryReasons":[],"status":"passed","title":"应该在Provider不存在时抛出错误"},{"ancestorTitles":["AIGatewayService","chat() - 非流式聊天"],"duration":0,"failureDetails":[],"failureMessages":[],"fullName":"AIGatewayService chat() - 非流式聊天 应该在API调用失败时抛出错误","invocations":1,"location":null,"numPassingAsserts":2,"retryReasons":[],"status":"passed","title":"应该在API调用失败时抛出错误"},{"ancestorTitles":["AIGatewayService","chatStream() - 流式聊天"],"duration":0,"failureDetails":[],"failureMessages":[],"fullName":"AIGatewayService chatStream() - 流式聊天 应该成功返回SSE流式EventEmitter","invocations":1,"location":null,"numPassingAsserts":3,"retryReasons":[],"status":"passed","title":"应该成功返回SSE流式EventEmitter"},{"ancestorTitles":["AIGatewayService","chatStream() - 流式聊天"],"duration":212,"failureDetails":[],"failureMessages":[],"fullName":"AIGatewayService chatStream() - 流式聊天 应该正确解析OpenAI流式chunks","invocations":1,"location":null,"numPassingAsserts":2,"retryReasons":[],"status":"passed","title":"应该正确解析OpenAI流式chunks"},{"ancestorTitles":["AIGatewayService","chatStream() - 流式聊天"],"duration":14,"failureDetails":[],"failureMessages":[],"fullName":"AIGatewayService chatStream() - 流式聊天 应该在Provider不存在时触发error事件","invocations":1,"location":null,"numPassingAsserts":1,"retryReasons":[],"status":"passed","title":"应该在Provider不存在时触发error事件"},{"ancestorTitles":["AIGatewayService","适配器测试"],"duration":0,"failureDetails":[],"failureMessages":[],"fullName":"AIGatewayService 适配器测试 OpenAIAdapter应该正确适配请求和响应","invocations":1,"location":null,"numPassingAsserts":2,"retryReasons":[],"status":"passed","title":"OpenAIAdapter应该正确适配请求和响应"},{"ancestorTitles":["AIGatewayService","适配器测试"],"duration":1,"failureDetails":[],"failureMessages":[],"fullName":"AIGatewayService 适配器测试 AnthropicAdapter应该正确转换消息格式","invocations":1,"location":null,"numPassingAsserts":1,"retryReasons":[],"status":"passed","title":"AnthropicAdapter应该正确转换消息格式"}],"endTime":1762696419039,"message":"","name":"C:\\Users\\qq100\\Desktop\\迭代目录\\新建文件夹 (4)\\backend\\tests\\unit\\ai-gateway.service.test.ts","startTime":1762696418721,"status":"passed","summary":""},{"assertionResults":[{"ancestorTitles":["BannersController - 单元测试","listBanners"],"duration":1,"failureDetails":[],"failureMessages":[],"fullName":"BannersController - 单元测试 listBanners 应该成功列出轮播图","invocations":1,"location":null,"numPassingAsserts":1,"retryReasons":[],"status":"passed","title":"应该成功列出轮播图"},{"ancestorTitles":["BannersController - 单元测试","createBanner"],"duration":1,"failureDetails":[],"failureMessages":[],"fullName":"BannersController - 单元测试 createBanner 应该成功创建轮播图","invocations":1,"location":null,"numPassingAsserts":2,"retryReasons":[],"status":"passed","title":"应该成功创建轮播图"},{"ancestorTitles":["BannersController - 单元测试","createBanner"],"duration":0,"failureDetails":[],"failureMessages":[],"fullName":"BannersController - 单元测试 createBanner 标题为空应该返回400","invocations":1,"location":null,"numPassingAsserts":1,"retryReasons":[],"status":"passed","title":"标题为空应该返回400"},{"ancestorTitles":["BannersController - 单元测试","createBanner"],"duration":0,"failureDetails":[],"failureMessages":[],"fullName":"BannersController - 单元测试 createBanner 图片URL为空应该返回400","invocations":1,"location":null,"numPassingAsserts":1,"retryReasons":[],"status":"passed","title":"图片URL为空应该返回400"},{"ancestorTitles":["BannersController - 单元测试","getBanner"],"duration":1,"failureDetails":[],"failureMessages":[],"fullName":"BannersController - 单元测试 getBanner 应该成功获取轮播图","invocations":1,"location":null,"numPassingAsserts":1,"retryReasons":[],"status":"passed","title":"应该成功获取轮播图"},{"ancestorTitles":["BannersController - 单元测试","getBanner"],"duration":0,"failureDetails":[],"failureMessages":[],"fullName":"BannersController - 单元测试 getBanner 轮播图不存在应该返回404","invocations":1,"location":null,"numPassingAsserts":1,"retryReasons":[],"status":"passed","title":"轮播图不存在应该返回404"},{"ancestorTitles":["BannersController - 单元测试","updateBanner"],"duration":0,"failureDetails":[],"failureMessages":[],"fullName":"BannersController - 单元测试 updateBanner 应该成功更新轮播图","invocations":1,"location":null,"numPassingAsserts":1,"retryReasons":[],"status":"passed","title":"应该成功更新轮播图"},{"ancestorTitles":["BannersController - 单元测试","updateSortOrder"],"duration":1,"failureDetails":[],"failureMessages":[],"fullName":"BannersController - 单元测试 updateSortOrder 应该成功批量更新排序","invocations":1,"location":null,"numPassingAsserts":1,"retryReasons":[],"status":"passed","title":"应该成功批量更新排序"},{"ancestorTitles":["BannersController - 单元测试","updateSortOrder"],"duration":0,"failureDetails":[],"failureMessages":[],"fullName":"BannersController - 单元测试 updateSortOrder sortOrders为空数组应该返回400","invocations":1,"location":null,"numPassingAsserts":1,"retryReasons":[],"status":"passed","title":"sortOrders为空数组应该返回400"},{"ancestorTitles":["BannersController - 单元测试","updateSortOrder"],"duration":0,"failureDetails":[],"failureMessages":[],"fullName":"BannersController - 单元测试 updateSortOrder sortOrders格式错误应该返回400","invocations":1,"location":null,"numPassingAsserts":1,"retryReasons":[],"status":"passed","title":"sortOrders格式错误应该返回400"},{"ancestorTitles":["BannersController - 单元测试","deleteBanner"],"duration":0,"failureDetails":[],"failureMessages":[],"fullName":"BannersController - 单元测试 deleteBanner 应该成功删除轮播图","invocations":1,"location":null,"numPassingAsserts":1,"retryReasons":[],"status":"passed","title":"应该成功删除轮播图"},{"ancestorTitles":["BannersController - 单元测试","deleteBanner"],"duration":0,"failureDetails":[],"failureMessages":[],"fullName":"BannersController - 单元测试 deleteBanner 删除不存在的轮播图应该返回404","invocations":1,"location":null,"numPassingAsserts":1,"retryReasons":[],"status":"passed","title":"删除不存在的轮播图应该返回404"},{"ancestorTitles":["BannersController - 单元测试","getUploadCredentials"],"duration":1,"failureDetails":[],"failureMessages":[],"fullName":"BannersController - 单元测试 getUploadCredentials 应该成功获取上传凭证","invocations":1,"location":null,"numPassingAsserts":1,"retryReasons":[],"status":"passed","title":"应该成功获取上传凭证"},{"ancestorTitles":["BannersController - 单元测试","getUploadCredentials"],"duration":1,"failureDetails":[],"failureMessages":[],"fullName":"BannersController - 单元测试 getUploadCredentials COS未配置应该返回503","invocations":1,"location":null,"numPassingAsserts":1,"retryReasons":[],"status":"passed","title":"COS未配置应该返回503"},{"ancestorTitles":["BannersController - 单元测试","getUploadCredentials"],"duration":0,"failureDetails":[],"failureMessages":[],"fullName":"BannersController - 单元测试 getUploadCredentials 文件名为空应该返回400","invocations":1,"location":null,"numPassingAsserts":1,"retryReasons":[],"status":"passed","title":"文件名为空应该返回400"},{"ancestorTitles":["BannersController - 单元测试","uploadImage"],"duration":1,"failureDetails":[],"failureMessages":[],"fullName":"BannersController - 单元测试 uploadImage 应该成功上传图片","invocations":1,"location":null,"numPassingAsserts":1,"retryReasons":[],"status":"passed","title":"应该成功上传图片"},{"ancestorTitles":["BannersController - 单元测试","uploadImage"],"duration":0,"failureDetails":[],"failureMessages":[],"fullName":"BannersController - 单元测试 uploadImage COS未配置应该返回503","invocations":1,"location":null,"numPassingAsserts":1,"retryReasons":[],"status":"passed","title":"COS未配置应该返回503"},{"ancestorTitles":["BannersController - 单元测试","uploadImage"],"duration":0,"failureDetails":[],"failureMessages":[],"fullName":"BannersController - 单元测试 uploadImage 未找到上传文件应该返回400","invocations":1,"location":null,"numPassingAsserts":1,"retryReasons":[],"status":"passed","title":"未找到上传文件应该返回400"}],"endTime":1762696419483,"message":"","name":"C:\\Users\\qq100\\Desktop\\迭代目录\\新建文件夹 (4)\\backend\\tests\\unit\\controllers\\banners.controller.test.ts","startTime":1762696419052,"status":"passed","summary":""},{"assertionResults":[{"ancestorTitles":["Basic Smoke Tests"],"duration":0,"failureDetails":[],"failureMessages":[],"fullName":"Basic Smoke Tests should load config modules without error","invocations":1,"location":null,"numPassingAsserts":1,"retryReasons":[],"status":"passed","title":"should load config modules without error"},{"ancestorTitles":["Basic Smoke Tests"],"duration":0,"failureDetails":[],"failureMessages":[],"fullName":"Basic Smoke Tests should load utils modules without error","invocations":1,"location":null,"numPassingAsserts":3,"retryReasons":[],"status":"passed","title":"should load utils modules without error"},{"ancestorTitles":["Basic Smoke Tests"],"duration":7,"failureDetails":[],"failureMessages":[],"fullName":"Basic Smoke Tests should load cache module without error","invocations":1,"location":null,"numPassingAsserts":2,"retryReasons":[],"status":"passed","title":"should load cache module without error"},{"ancestorTitles":["Basic Smoke Tests"],"duration":49,"failureDetails":[],"failureMessages":[],"fullName":"Basic Smoke Tests should load services without error","invocations":1,"location":null,"numPassingAsserts":2,"retryReasons":[],"status":"passed","title":"should load services without error"},{"ancestorTitles":["Basic Smoke Tests"],"duration":565,"failureDetails":[],"failureMessages":[],"fullName":"Basic Smoke Tests should load routes without error","invocations":1,"location":null,"numPassingAsserts":1,"retryReasons":[],"status":"passed","title":"should load routes without error"},{"ancestorTitles":["Basic Smoke Tests"],"duration":0,"failureDetails":[],"failureMessages":[],"fullName":"Basic Smoke Tests should load middlewares without error","invocations":1,"location":null,"numPassingAsserts":1,"retryReasons":[],"status":"passed","title":"should load middlewares without error"},{"ancestorTitles":["Basic Smoke Tests"],"duration":0,"failureDetails":[],"failureMessages":[],"fullName":"Basic Smoke Tests should have required test helpers on global scope","invocations":1,"location":null,"numPassingAsserts":3,"retryReasons":[],"status":"passed","title":"should have required test helpers on global scope"}],"endTime":1762696420187,"message":"","name":"C:\\Users\\qq100\\Desktop\\迭代目录\\新建文件夹 (4)\\backend\\tests\\unit\\basic.test.ts","startTime":1762696419503,"status":"passed","summary":""},{"assertionResults":[{"ancestorTitles":["ContentTextsController - 单元测试","listTexts"],"duration":1,"failureDetails":[],"failureMessages":[],"fullName":"ContentTextsController - 单元测试 listTexts 应该成功列出文案","invocations":1,"location":null,"numPassingAsserts":1,"retryReasons":[],"status":"passed","title":"应该成功列出文案"},{"ancestorTitles":["ContentTextsController - 单元测试","createText"],"duration":0,"failureDetails":[],"failureMessages":[],"fullName":"ContentTextsController - 单元测试 createText 应该成功创建文案","invocations":1,"location":null,"numPassingAsserts":2,"retryReasons":[],"status":"passed","title":"应该成功创建文案"},{"ancestorTitles":["ContentTextsController - 单元测试","createText"],"duration":0,"failureDetails":[],"failureMessages":[],"fullName":"ContentTextsController - 单元测试 createText page为空应该返回400","invocations":1,"location":null,"numPassingAsserts":1,"retryReasons":[],"status":"passed","title":"page为空应该返回400"},{"ancestorTitles":["ContentTextsController - 单元测试","createText"],"duration":1,"failureDetails":[],"failureMessages":[],"fullName":"ContentTextsController - 单元测试 createText key为空应该返回400","invocations":1,"location":null,"numPassingAsserts":1,"retryReasons":[],"status":"passed","title":"key为空应该返回400"},{"ancestorTitles":["ContentTextsController - 单元测试","createText"],"duration":0,"failureDetails":[],"failureMessages":[],"fullName":"ContentTextsController - 单元测试 createText value为空应该返回400","invocations":1,"location":null,"numPassingAsserts":1,"retryReasons":[],"status":"passed","title":"value为空应该返回400"},{"ancestorTitles":["ContentTextsController - 单元测试","getText"],"duration":0,"failureDetails":[],"failureMessages":[],"fullName":"ContentTextsController - 单元测试 getText 应该成功获取文案","invocations":1,"location":null,"numPassingAsserts":1,"retryReasons":[],"status":"passed","title":"应该成功获取文案"},{"ancestorTitles":["ContentTextsController - 单元测试","getText"],"duration":0,"failureDetails":[],"failureMessages":[],"fullName":"ContentTextsController - 单元测试 getText 文案不存在应该返回404","invocations":1,"location":null,"numPassingAsserts":1,"retryReasons":[],"status":"passed","title":"文案不存在应该返回404"},{"ancestorTitles":["ContentTextsController - 单元测试","updateText"],"duration":1,"failureDetails":[],"failureMessages":[],"fullName":"ContentTextsController - 单元测试 updateText 应该成功更新文案","invocations":1,"location":null,"numPassingAsserts":1,"retryReasons":[],"status":"passed","title":"应该成功更新文案"},{"ancestorTitles":["ContentTextsController - 单元测试","deleteText"],"duration":0,"failureDetails":[],"failureMessages":[],"fullName":"ContentTextsController - 单元测试 deleteText 应该成功删除文案","invocations":1,"location":null,"numPassingAsserts":1,"retryReasons":[],"status":"passed","title":"应该成功删除文案"},{"ancestorTitles":["ContentTextsController - 单元测试","deleteText"],"duration":0,"failureDetails":[],"failureMessages":[],"fullName":"ContentTextsController - 单元测试 deleteText 删除不存在的文案应该返回404","invocations":1,"location":null,"numPassingAsserts":1,"retryReasons":[],"status":"passed","title":"删除不存在的文案应该返回404"},{"ancestorTitles":["ContentTextsController - 单元测试","batchUpsertTexts"],"duration":1,"failureDetails":[],"failureMessages":[],"fullName":"ContentTextsController - 单元测试 batchUpsertTexts 应该成功批量导入文案","invocations":1,"location":null,"numPassingAsserts":1,"retryReasons":[],"status":"passed","title":"应该成功批量导入文案"},{"ancestorTitles":["ContentTextsController - 单元测试","batchUpsertTexts"],"duration":0,"failureDetails":[],"failureMessages":[],"fullName":"ContentTextsController - 单元测试 batchUpsertTexts texts为空数组应该返回400","invocations":1,"location":null,"numPassingAsserts":1,"retryReasons":[],"status":"passed","title":"texts为空数组应该返回400"},{"ancestorTitles":["ContentTextsController - 单元测试","batchUpsertTexts"],"duration":0,"failureDetails":[],"failureMessages":[],"fullName":"ContentTextsController - 单元测试 batchUpsertTexts texts不是数组应该返回400","invocations":1,"location":null,"numPassingAsserts":1,"retryReasons":[],"status":"passed","title":"texts不是数组应该返回400"},{"ancestorTitles":["ContentTextsController - 单元测试","getPageTexts"],"duration":0,"failureDetails":[],"failureMessages":[],"fullName":"ContentTextsController - 单元测试 getPageTexts 应该成功获取页面文案","invocations":1,"location":null,"numPassingAsserts":1,"retryReasons":[],"status":"passed","title":"应该成功获取页面文案"}],"endTime":1762696420249,"message":"","name":"C:\\Users\\qq100\\Desktop\\迭代目录\\新建文件夹 (4)\\backend\\tests\\unit\\controllers\\contentTexts.controller.test.ts","startTime":1762696420191,"status":"passed","summary":""},{"assertionResults":[{"ancestorTitles":["TaskService helpers"],"duration":1,"failureDetails":[],"failureMessages":[],"fullName":"TaskService helpers returns quota cost for known task types","invocations":1,"location":null,"numPassingAsserts":1,"retryReasons":[],"status":"passed","title":"returns quota cost for known task types"},{"ancestorTitles":["TaskService helpers"],"duration":1,"failureDetails":[],"failureMessages":[],"fullName":"TaskService helpers falls back to default quota cost when task type unknown","invocations":1,"location":null,"numPassingAsserts":1,"retryReasons":[],"status":"passed","title":"falls back to default quota cost when task type unknown"},{"ancestorTitles":["TaskService helpers"],"duration":0,"failureDetails":[],"failureMessages":[],"fullName":"TaskService helpers maps task type labels with fallback","invocations":1,"location":null,"numPassingAsserts":2,"retryReasons":[],"status":"passed","title":"maps task type labels with fallback"}],"endTime":1762696420349,"message":"","name":"C:\\Users\\qq100\\Desktop\\迭代目录\\新建文件夹 (4)\\backend\\tests\\unit\\task.service.test.ts","startTime":1762696420253,"status":"passed","summary":""},{"assertionResults":[{"ancestorTitles":["AnnouncementsController - 单元测试","listAnnouncements"],"duration":1,"failureDetails":[],"failureMessages":[],"fullName":"AnnouncementsController - 单元测试 listAnnouncements 应该成功列出公告","invocations":1,"location":null,"numPassingAsserts":1,"retryReasons":[],"status":"passed","title":"应该成功列出公告"},{"ancestorTitles":["AnnouncementsController - 单元测试","createAnnouncement"],"duration":0,"failureDetails":[],"failureMessages":[],"fullName":"AnnouncementsController - 单元测试 createAnnouncement 应该成功创建公告","invocations":1,"location":null,"numPassingAsserts":2,"retryReasons":[],"status":"passed","title":"应该成功创建公告"},{"ancestorTitles":["AnnouncementsController - 单元测试","createAnnouncement"],"duration":1,"failureDetails":[],"failureMessages":[],"fullName":"AnnouncementsController - 单元测试 createAnnouncement 标题为空应该返回400","invocations":1,"location":null,"numPassingAsserts":1,"retryReasons":[],"status":"passed","title":"标题为空应该返回400"},{"ancestorTitles":["AnnouncementsController - 单元测试","createAnnouncement"],"duration":0,"failureDetails":[],"failureMessages":[],"fullName":"AnnouncementsController - 单元测试 createAnnouncement 内容为空应该返回400","invocations":1,"location":null,"numPassingAsserts":1,"retryReasons":[],"status":"passed","title":"内容为空应该返回400"},{"ancestorTitles":["AnnouncementsController - 单元测试","getAnnouncement"],"duration":0,"failureDetails":[],"failureMessages":[],"fullName":"AnnouncementsController - 单元测试 getAnnouncement 应该成功获取公告","invocations":1,"location":null,"numPassingAsserts":1,"retryReasons":[],"status":"passed","title":"应该成功获取公告"},{"ancestorTitles":["AnnouncementsController - 单元测试","getAnnouncement"],"duration":0,"failureDetails":[],"failureMessages":[],"fullName":"AnnouncementsController - 单元测试 getAnnouncement 公告不存在应该返回404","invocations":1,"location":null,"numPassingAsserts":1,"retryReasons":[],"status":"passed","title":"公告不存在应该返回404"},{"ancestorTitles":["AnnouncementsController - 单元测试","updateAnnouncement"],"duration":1,"failureDetails":[],"failureMessages":[],"fullName":"AnnouncementsController - 单元测试 updateAnnouncement 应该成功更新公告","invocations":1,"location":null,"numPassingAsserts":1,"retryReasons":[],"status":"passed","title":"应该成功更新公告"},{"ancestorTitles":["AnnouncementsController - 单元测试","deleteAnnouncement"],"duration":0,"failureDetails":[],"failureMessages":[],"fullName":"AnnouncementsController - 单元测试 deleteAnnouncement 应该成功删除公告","invocations":1,"location":null,"numPassingAsserts":1,"retryReasons":[],"status":"passed","title":"应该成功删除公告"},{"ancestorTitles":["AnnouncementsController - 单元测试","deleteAnnouncement"],"duration":0,"failureDetails":[],"failureMessages":[],"fullName":"AnnouncementsController - 单元测试 deleteAnnouncement 删除不存在的公告应该返回404","invocations":1,"location":null,"numPassingAsserts":1,"retryReasons":[],"status":"passed","title":"删除不存在的公告应该返回404"}],"endTime":1762696420413,"message":"","name":"C:\\Users\\qq100\\Desktop\\迭代目录\\新建文件夹 (4)\\backend\\tests\\unit\\controllers\\announcements.controller.test.ts","startTime":1762696420361,"status":"passed","summary":""},{"assertionResults":[{"ancestorTitles":["PipelineEngine timing helpers"],"duration":3,"failureDetails":[],"failureMessages":[],"fullName":"PipelineEngine timing helpers sleep resolves after specified milliseconds","invocations":1,"location":null,"numPassingAsserts":1,"retryReasons":[],"status":"passed","title":"sleep resolves after specified milliseconds"},{"ancestorTitles":["PipelineEngine timing helpers"],"duration":7,"failureDetails":[],"failureMessages":[],"fullName":"PipelineEngine timing helpers timeout rejects with custom message","invocations":1,"location":null,"numPassingAsserts":1,"retryReasons":[],"status":"passed","title":"timeout rejects with custom message"}],"endTime":1762696420533,"message":"","name":"C:\\Users\\qq100\\Desktop\\迭代目录\\新建文件夹 (4)\\backend\\tests\\unit\\services\\pipelineEngine.simple.test.ts","startTime":1762696420418,"status":"passed","summary":""},{"assertionResults":[{"ancestorTitles":["PipelineEngine retry policy"],"duration":1,"failureDetails":[],"failureMessages":[],"fullName":"PipelineEngine retry policy returns base delay when exponential disabled","invocations":1,"location":null,"numPassingAsserts":1,"retryReasons":[],"status":"passed","title":"returns base delay when exponential disabled"},{"ancestorTitles":["PipelineEngine retry policy"],"duration":1,"failureDetails":[],"failureMessages":[],"fullName":"PipelineEngine retry policy applies exponential backoff when enabled","invocations":1,"location":null,"numPassingAsserts":1,"retryReasons":[],"status":"passed","title":"applies exponential backoff when enabled"}],"endTime":1762696420654,"message":"","name":"C:\\Users\\qq100\\Desktop\\迭代目录\\新建文件夹 (4)\\backend\\tests\\unit\\services\\pipelineEngine.service.test.ts","startTime":1762696420539,"status":"passed","summary":""},{"assertionResults":[{"ancestorTitles":["QuotaService"],"duration":1,"failureDetails":[],"failureMessages":[],"fullName":"QuotaService getQuota returns normalized info from database","invocations":1,"location":null,"numPassingAsserts":2,"retryReasons":[],"status":"passed","title":"getQuota returns normalized info from database"},{"ancestorTitles":["QuotaService"],"duration":0,"failureDetails":[],"failureMessages":[],"fullName":"QuotaService getTransactionStatus returns null when transaction not found","invocations":1,"location":null,"numPassingAsserts":1,"retryReasons":[],"status":"passed","title":"getTransactionStatus returns null when transaction not found"}],"endTime":1762696420756,"message":"","name":"C:\\Users\\qq100\\Desktop\\迭代目录\\新建文件夹 (4)\\backend\\tests\\unit\\quota.service.test.ts","startTime":1762696420672,"status":"passed","summary":""},{"assertionResults":[{"ancestorTitles":["AuditLogsController - 单元测试","listAuditLogs"],"duration":2,"failureDetails":[],"failureMessages":[],"fullName":"AuditLogsController - 单元测试 listAuditLogs 应该成功列出审计日志","invocations":1,"location":null,"numPassingAsserts":1,"retryReasons":[],"status":"passed","title":"应该成功列出审计日志"},{"ancestorTitles":["AuditLogsController - 单元测试","getEntityHistory"],"duration":1,"failureDetails":[],"failureMessages":[],"fullName":"AuditLogsController - 单元测试 getEntityHistory 应该成功获取实体历史","invocations":1,"location":null,"numPassingAsserts":1,"retryReasons":[],"status":"passed","title":"应该成功获取实体历史"},{"ancestorTitles":["AuditLogsController - 单元测试","getUserHistory"],"duration":1,"failureDetails":[],"failureMessages":[],"fullName":"AuditLogsController - 单元测试 getUserHistory 应该成功获取用户历史","invocations":1,"location":null,"numPassingAsserts":1,"retryReasons":[],"status":"passed","title":"应该成功获取用户历史"},{"ancestorTitles":["AuditLogsController - 单元测试","getAuditLog"],"duration":0,"failureDetails":[],"failureMessages":[],"fullName":"AuditLogsController - 单元测试 getAuditLog 应该成功获取单条审计日志","invocations":1,"location":null,"numPassingAsserts":1,"retryReasons":[],"status":"passed","title":"应该成功获取单条审计日志"},{"ancestorTitles":["AuditLogsController - 单元测试","getAuditLog"],"duration":0,"failureDetails":[],"failureMessages":[],"fullName":"AuditLogsController - 单元测试 getAuditLog 审计日志不存在应该返回404","invocations":1,"location":null,"numPassingAsserts":1,"retryReasons":[],"status":"passed","title":"审计日志不存在应该返回404"}],"endTime":1762696420826,"message":"","name":"C:\\Users\\qq100\\Desktop\\迭代目录\\新建文件夹 (4)\\backend\\tests\\unit\\controllers\\auditLogs.controller.test.ts","startTime":1762696420762,"status":"passed","summary":""},{"assertionResults":[{"ancestorTitles":["FeatureCatalogService permissions"],"duration":1,"failureDetails":[],"failureMessages":[],"fullName":"FeatureCatalogService permissions grants access when permission type is user and ids match","invocations":1,"location":null,"numPassingAsserts":1,"retryReasons":[],"status":"passed","title":"grants access when permission type is user and ids match"},{"ancestorTitles":["FeatureCatalogService permissions"],"duration":0,"failureDetails":[],"failureMessages":[],"fullName":"FeatureCatalogService permissions denies membership permissions when user lacks membership","invocations":1,"location":null,"numPassingAsserts":1,"retryReasons":[],"status":"passed","title":"denies membership permissions when user lacks membership"},{"ancestorTitles":["FeatureCatalogService permissions"],"duration":1,"failureDetails":[],"failureMessages":[],"fullName":"FeatureCatalogService permissions checkFeatureAccess returns true when evaluatePermission resolves true","invocations":1,"location":null,"numPassingAsserts":4,"retryReasons":[],"status":"passed","title":"checkFeatureAccess returns true when evaluatePermission resolves true"}],"endTime":1762696420936,"message":"","name":"C:\\Users\\qq100\\Desktop\\迭代目录\\新建文件夹 (4)\\backend\\tests\\unit\\feature-catalog.service.test.ts","startTime":1762696420835,"status":"passed","summary":""},{"assertionResults":[{"ancestorTitles":["ProvidersController - 单元测试","listProviders"],"duration":1,"failureDetails":[],"failureMessages":[],"fullName":"ProvidersController - 单元测试 listProviders 应该成功列出所有Provider","invocations":1,"location":null,"numPassingAsserts":1,"retryReasons":[],"status":"passed","title":"应该成功列出所有Provider"},{"ancestorTitles":["ProvidersController - 单元测试","listProviders"],"duration":1,"failureDetails":[],"failureMessages":[],"fullName":"ProvidersController - 单元测试 listProviders 应该支持auth_type过滤","invocations":1,"location":null,"numPassingAsserts":1,"retryReasons":[],"status":"passed","title":"应该支持auth_type过滤"},{"ancestorTitles":["ProvidersController - 单元测试","getProvider"],"duration":1,"failureDetails":[],"failureMessages":[],"fullName":"ProvidersController - 单元测试 getProvider 应该成功获取单个Provider","invocations":1,"location":null,"numPassingAsserts":1,"retryReasons":[],"status":"passed","title":"应该成功获取单个Provider"},{"ancestorTitles":["ProvidersController - 单元测试","getProvider"],"duration":0,"failureDetails":[],"failureMessages":[],"fullName":"ProvidersController - 单元测试 getProvider Provider不存在时应该返回404","invocations":1,"location":null,"numPassingAsserts":2,"retryReasons":[],"status":"passed","title":"Provider不存在时应该返回404"},{"ancestorTitles":["ProvidersController - 单元测试","createProvider"],"duration":2,"failureDetails":[],"failureMessages":[],"fullName":"ProvidersController - 单元测试 createProvider 应该成功创建Provider","invocations":1,"location":null,"numPassingAsserts":2,"retryReasons":[],"status":"passed","title":"应该成功创建Provider"},{"ancestorTitles":["ProvidersController - 单元测试","createProvider"],"duration":1,"failureDetails":[],"failureMessages":[],"fullName":"ProvidersController - 单元测试 createProvider 缺少必填字段应该返回400","invocations":1,"location":null,"numPassingAsserts":2,"retryReasons":[],"status":"passed","title":"缺少必填字段应该返回400"},{"ancestorTitles":["ProvidersController - 单元测试","createProvider"],"duration":0,"failureDetails":[],"failureMessages":[],"fullName":"ProvidersController - 单元测试 createProvider provider_ref格式错误应该返回400","invocations":1,"location":null,"numPassingAsserts":2,"retryReasons":[],"status":"passed","title":"provider_ref格式错误应该返回400"},{"ancestorTitles":["ProvidersController - 单元测试","createProvider"],"duration":0,"failureDetails":[],"failureMessages":[],"fullName":"ProvidersController - 单元测试 createProvider Provider已存在应该返回409","invocations":1,"location":null,"numPassingAsserts":2,"retryReasons":[],"status":"passed","title":"Provider已存在应该返回409"},{"ancestorTitles":["ProvidersController - 单元测试","updateProvider"],"duration":0,"failureDetails":[],"failureMessages":[],"fullName":"ProvidersController - 单元测试 updateProvider 应该成功更新Provider","invocations":1,"location":null,"numPassingAsserts":1,"retryReasons":[],"status":"passed","title":"应该成功更新Provider"},{"ancestorTitles":["ProvidersController - 单元测试","updateProvider"],"duration":1,"failureDetails":[],"failureMessages":[],"fullName":"ProvidersController - 单元测试 updateProvider 更新不存在的Provider应该返回404","invocations":1,"location":null,"numPassingAsserts":2,"retryReasons":[],"status":"passed","title":"更新不存在的Provider应该返回404"},{"ancestorTitles":["ProvidersController - 单元测试","deleteProvider"],"duration":0,"failureDetails":[],"failureMessages":[],"fullName":"ProvidersController - 单元测试 deleteProvider 应该成功删除Provider","invocations":1,"location":null,"numPassingAsserts":1,"retryReasons":[],"status":"passed","title":"应该成功删除Provider"},{"ancestorTitles":["ProvidersController - 单元测试","deleteProvider"],"duration":0,"failureDetails":[],"failureMessages":[],"fullName":"ProvidersController - 单元测试 deleteProvider 删除不存在的Provider应该返回404","invocations":1,"location":null,"numPassingAsserts":2,"retryReasons":[],"status":"passed","title":"删除不存在的Provider应该返回404"},{"ancestorTitles":["ProvidersController - 单元测试","testConnection"],"duration":0,"failureDetails":[],"failureMessages":[],"fullName":"ProvidersController - 单元测试 testConnection 应该成功测试连接","invocations":1,"location":null,"numPassingAsserts":1,"retryReasons":[],"status":"passed","title":"应该成功测试连接"},{"ancestorTitles":["ProvidersController - 单元测试","testConnection"],"duration":1,"failureDetails":[],"failureMessages":[],"fullName":"ProvidersController - 单元测试 testConnection 测试不存在的Provider应该返回404","invocations":1,"location":null,"numPassingAsserts":1,"retryReasons":[],"status":"passed","title":"测试不存在的Provider应该返回404"},{"ancestorTitles":["ProvidersController - 单元测试","错误处理"],"duration":0,"failureDetails":[],"failureMessages":[],"fullName":"ProvidersController - 单元测试 错误处理 意外错误应该传递给next中间件","invocations":1,"location":null,"numPassingAsserts":1,"retryReasons":[],"status":"passed","title":"意外错误应该传递给next中间件"}],"endTime":1762696421030,"message":"","name":"C:\\Users\\qq100\\Desktop\\迭代目录\\新建文件夹 (4)\\backend\\tests\\unit\\controllers\\providers.controller.test.ts","startTime":1762696420954,"status":"passed","summary":""},{"assertionResults":[{"ancestorTitles":["ConfigSnapshot Service - 单元测试","createSnapshot"],"duration":3,"failureDetails":[],"failureMessages":[],"fullName":"ConfigSnapshot Service - 单元测试 createSnapshot 应该成功创建快照","invocations":1,"location":null,"numPassingAsserts":4,"retryReasons":[],"status":"passed","title":"应该成功创建快照"},{"ancestorTitles":["ConfigSnapshot Service - 单元测试","getSnapshotById"],"duration":1,"failureDetails":[],"failureMessages":[],"fullName":"ConfigSnapshot Service - 单元测试 getSnapshotById 应该成功获取快照","invocations":1,"location":null,"numPassingAsserts":3,"retryReasons":[],"status":"passed","title":"应该成功获取快照"},{"ancestorTitles":["ConfigSnapshot Service - 单元测试","getSnapshotById"],"duration":1,"failureDetails":[],"failureMessages":[],"fullName":"ConfigSnapshot Service - 单元测试 getSnapshotById 不存在的快照应该返回null","invocations":1,"location":null,"numPassingAsserts":1,"retryReasons":[],"status":"passed","title":"不存在的快照应该返回null"},{"ancestorTitles":["ConfigSnapshot Service - 单元测试","listSnapshots"],"duration":0,"failureDetails":[],"failureMessages":[],"fullName":"ConfigSnapshot Service - 单元测试 listSnapshots 应该成功列出快照","invocations":1,"location":null,"numPassingAsserts":3,"retryReasons":[],"status":"passed","title":"应该成功列出快照"},{"ancestorTitles":["ConfigSnapshot Service - 单元测试","listSnapshots"],"duration":0,"failureDetails":[],"failureMessages":[],"fullName":"ConfigSnapshot Service - 单元测试 listSnapshots 应该支持按类型过滤","invocations":1,"location":null,"numPassingAsserts":1,"retryReasons":[],"status":"passed","title":"应该支持按类型过滤"},{"ancestorTitles":["ConfigSnapshot Service - 单元测试","deleteSnapshot"],"duration":0,"failureDetails":[],"failureMessages":[],"fullName":"ConfigSnapshot Service - 单元测试 deleteSnapshot 应该成功删除快照","invocations":1,"location":null,"numPassingAsserts":1,"retryReasons":[],"status":"passed","title":"应该成功删除快照"},{"ancestorTitles":["ConfigSnapshot Service - 单元测试","deleteSnapshot"],"duration":0,"failureDetails":[],"failureMessages":[],"fullName":"ConfigSnapshot Service - 单元测试 deleteSnapshot 删除不存在的快照应该返回false","invocations":1,"location":null,"numPassingAsserts":1,"retryReasons":[],"status":"passed","title":"删除不存在的快照应该返回false"},{"ancestorTitles":["ConfigSnapshot Service - 单元测试","autoSnapshotProvider"],"duration":1,"failureDetails":[],"failureMessages":[],"fullName":"ConfigSnapshot Service - 单元测试 autoSnapshotProvider 应该自动创建Provider快照","invocations":1,"location":null,"numPassingAsserts":1,"retryReasons":[],"status":"passed","title":"应该自动创建Provider快照"},{"ancestorTitles":["ConfigSnapshot Service - 单元测试","autoSnapshotProvider"],"duration":0,"failureDetails":[],"failureMessages":[],"fullName":"ConfigSnapshot Service - 单元测试 autoSnapshotProvider Provider不存在时应该不创建快照","invocations":1,"location":null,"numPassingAsserts":1,"retryReasons":[],"status":"passed","title":"Provider不存在时应该不创建快照"}],"endTime":1762696421102,"message":"","name":"C:\\Users\\qq100\\Desktop\\迭代目录\\新建文件夹 (4)\\backend\\tests\\unit\\services\\configSnapshot.service.test.ts","startTime":1762696421039,"status":"passed","summary":""},{"assertionResults":[{"ancestorTitles":["SecurityService data masking"],"duration":2,"failureDetails":[],"failureMessages":[],"fullName":"SecurityService data masking masks nested fields according to rules","invocations":1,"location":null,"numPassingAsserts":3,"retryReasons":[],"status":"passed","title":"masks nested fields according to rules"},{"ancestorTitles":["SecurityService data masking"],"duration":1,"failureDetails":[],"failureMessages":[],"fullName":"SecurityService data masking falls back to generic masking when rule is unknown","invocations":1,"location":null,"numPassingAsserts":1,"retryReasons":[],"status":"passed","title":"falls back to generic masking when rule is unknown"}],"endTime":1762696421179,"message":"","name":"C:\\Users\\qq100\\Desktop\\迭代目录\\新建文件夹 (4)\\backend\\tests\\unit\\security.service.test.ts","startTime":1762696421107,"status":"passed","summary":""},{"assertionResults":[{"ancestorTitles":["BaseProvider - 单元测试","参数校验"],"duration":1,"failureDetails":[],"failureMessages":[],"fullName":"BaseProvider - 单元测试 参数校验 应该拒绝非对象输入","invocations":1,"location":null,"numPassingAsserts":4,"retryReasons":[],"status":"passed","title":"应该拒绝非对象输入"},{"ancestorTitles":["BaseProvider - 单元测试","参数校验"],"duration":0,"failureDetails":[],"failureMessages":[],"fullName":"BaseProvider - 单元测试 参数校验 应该接受有效的对象输入","invocations":1,"location":null,"numPassingAsserts":2,"retryReasons":[],"status":"passed","title":"应该接受有效的对象输入"},{"ancestorTitles":["BaseProvider - 单元测试","重试策略"],"duration":0,"failureDetails":[],"failureMessages":[],"fullName":"BaseProvider - 单元测试 重试策略 执行成功时不应该重试","invocations":1,"location":null,"numPassingAsserts":2,"retryReasons":[],"status":"passed","title":"执行成功时不应该重试"},{"ancestorTitles":["BaseProvider - 单元测试","重试策略"],"duration":97,"failureDetails":[],"failureMessages":[],"fullName":"BaseProvider - 单元测试 重试策略 执行失败时应该按照重试策略重试","invocations":1,"location":null,"numPassingAsserts":3,"retryReasons":[],"status":"passed","title":"执行失败时应该按照重试策略重试"},{"ancestorTitles":["BaseProvider - 单元测试","重试策略"],"duration":46,"failureDetails":[],"failureMessages":[],"fullName":"BaseProvider - 单元测试 重试策略 重试成功后应该返回成功结果","invocations":1,"location":null,"numPassingAsserts":2,"retryReasons":[],"status":"passed","title":"重试成功后应该返回成功结果"},{"ancestorTitles":["BaseProvider - 单元测试","重试策略"],"duration":46,"failureDetails":[],"failureMessages":[],"fullName":"BaseProvider - 单元测试 重试策略 重试次数耗尽后应该返回失败","invocations":1,"location":null,"numPassingAsserts":3,"retryReasons":[],"status":"passed","title":"重试次数耗尽后应该返回失败"},{"ancestorTitles":["BaseProvider - 单元测试","重试策略"],"duration":1,"failureDetails":[],"failureMessages":[],"fullName":"BaseProvider - 单元测试 重试策略 不可重试的错误不应该重试","invocations":1,"location":null,"numPassingAsserts":2,"retryReasons":[],"status":"passed","title":"不可重试的错误不应该重试"},{"ancestorTitles":["BaseProvider - 单元测试","超时控制"],"duration":60,"failureDetails":[],"failureMessages":[],"fullName":"BaseProvider - 单元测试 超时控制 执行超时应该中止并返回超时错误","invocations":1,"location":null,"numPassingAsserts":3,"retryReasons":[],"status":"passed","title":"执行超时应该中止并返回超时错误"},{"ancestorTitles":["BaseProvider - 单元测试","超时控制"],"duration":61,"failureDetails":[],"failureMessages":[],"fullName":"BaseProvider - 单元测试 超时控制 执行未超时应该正常返回","invocations":1,"location":null,"numPassingAsserts":1,"retryReasons":[],"status":"passed","title":"执行未超时应该正常返回"},{"ancestorTitles":["BaseProvider - 单元测试","超时控制"],"duration":107,"failureDetails":[],"failureMessages":[],"fullName":"BaseProvider - 单元测试 超时控制 应该使用默认超时时间","invocations":1,"location":null,"numPassingAsserts":2,"retryReasons":[],"status":"passed","title":"应该使用默认超时时间"},{"ancestorTitles":["BaseProvider - 单元测试","AbortSignal传播"],"duration":62,"failureDetails":[],"failureMessages":[],"fullName":"BaseProvider - 单元测试 AbortSignal传播 外部AbortController应该能够中止执行","invocations":1,"location":null,"numPassingAsserts":3,"retryReasons":[],"status":"passed","title":"外部AbortController应该能够中止执行"},{"ancestorTitles":["BaseProvider - 单元测试","AbortSignal传播"],"duration":93,"failureDetails":[],"failureMessages":[],"fullName":"BaseProvider - 单元测试 AbortSignal传播 重试过程中的AbortSignal应该传播到doExecute","invocations":1,"location":null,"numPassingAsserts":5,"retryReasons":[],"status":"passed","title":"重试过程中的AbortSignal应该传播到doExecute"},{"ancestorTitles":["BaseProvider - 单元测试","日志记录"],"duration":1,"failureDetails":[],"failureMessages":[],"fullName":"BaseProvider - 单元测试 日志记录 应该记录参数校验失败日志","invocations":1,"location":null,"numPassingAsserts":2,"retryReasons":[],"status":"passed","title":"应该记录参数校验失败日志"},{"ancestorTitles":["BaseProvider - 单元测试","日志记录"],"duration":44,"failureDetails":[],"failureMessages":[],"fullName":"BaseProvider - 单元测试 日志记录 应该记录重试日志","invocations":1,"location":null,"numPassingAsserts":2,"retryReasons":[],"status":"passed","title":"应该记录重试日志"},{"ancestorTitles":["BaseProvider - 单元测试","日志记录"],"duration":0,"failureDetails":[],"failureMessages":[],"fullName":"BaseProvider - 单元测试 日志记录 应该记录执行失败日志","invocations":1,"location":null,"numPassingAsserts":2,"retryReasons":[],"status":"passed","title":"应该记录执行失败日志"},{"ancestorTitles":["BaseProvider - 单元测试","healthCheck"],"duration":0,"failureDetails":[],"failureMessages":[],"fullName":"BaseProvider - 单元测试 healthCheck 默认健康检查应该返回true","invocations":1,"location":null,"numPassingAsserts":1,"retryReasons":[],"status":"passed","title":"默认健康检查应该返回true"},{"ancestorTitles":["BaseProvider - 单元测试","指数退避计算"],"duration":0,"failureDetails":[],"failureMessages":[],"fullName":"BaseProvider - 单元测试 指数退避计算 应该正确计算指数退避延迟","invocations":1,"location":null,"numPassingAsserts":5,"retryReasons":[],"status":"passed","title":"应该正确计算指数退避延迟"},{"ancestorTitles":["BaseProvider - 单元测试","指数退避计算"],"duration":0,"failureDetails":[],"failureMessages":[],"fullName":"BaseProvider - 单元测试 指数退避计算 延迟时间不应该超过maxDelay","invocations":1,"location":null,"numPassingAsserts":2,"retryReasons":[],"status":"passed","title":"延迟时间不应该超过maxDelay"}],"endTime":1762696421874,"message":"","name":"C:\\Users\\qq100\\Desktop\\迭代目录\\新建文件夹 (4)\\backend\\tests\\unit\\providers\\base-provider.test.ts","startTime":1762696421193,"status":"passed","summary":""},{"assertionResults":[{"ancestorTitles":["ProviderLoader - 单元测试","白名单机制测试"],"duration":22,"failureDetails":[],"failureMessages":[],"fullName":"ProviderLoader - 单元测试 白名单机制测试 应该成功加载白名单中的Provider（GENERIC_HTTP）","invocations":1,"location":null,"numPassingAsserts":3,"retryReasons":[],"status":"passed","title":"应该成功加载白名单中的Provider（GENERIC_HTTP）"},{"ancestorTitles":["ProviderLoader - 单元测试","白名单机制测试"],"duration":0,"failureDetails":[],"failureMessages":[],"fullName":"ProviderLoader - 单元测试 白名单机制测试 应该拒绝非白名单的Provider并抛出ERR_PROVIDER_NOT_ALLOWED","invocations":1,"location":null,"numPassingAsserts":4,"retryReasons":[],"status":"passed","title":"应该拒绝非白名单的Provider并抛出ERR_PROVIDER_NOT_ALLOWED"},{"ancestorTitles":["ProviderLoader - 单元测试","白名单机制测试"],"duration":0,"failureDetails":[],"failureMessages":[],"fullName":"ProviderLoader - 单元测试 白名单机制测试 应该返回所有允许的Provider类型","invocations":1,"location":null,"numPassingAsserts":6,"retryReasons":[],"status":"passed","title":"应该返回所有允许的Provider类型"},{"ancestorTitles":["ProviderLoader - 单元测试","白名单机制测试"],"duration":1,"failureDetails":[],"failureMessages":[],"fullName":"ProviderLoader - 单元测试 白名单机制测试 isAllowed应该正确判断Provider是否在白名单","invocations":1,"location":null,"numPassingAsserts":3,"retryReasons":[],"status":"passed","title":"isAllowed应该正确判断Provider是否在白名单"},{"ancestorTitles":["ProviderLoader - 单元测试","缓存机制测试"],"duration":0,"failureDetails":[],"failureMessages":[],"fullName":"ProviderLoader - 单元测试 缓存机制测试 首次加载应该实例化Provider并缓存","invocations":1,"location":null,"numPassingAsserts":6,"retryReasons":[],"status":"passed","title":"首次加载应该实例化Provider并缓存"},{"ancestorTitles":["ProviderLoader - 单元测试","缓存机制测试"],"duration":0,"failureDetails":[],"failureMessages":[],"fullName":"ProviderLoader - 单元测试 缓存机制测试 二次加载应该命中缓存而不重复实例化","invocations":1,"location":null,"numPassingAsserts":5,"retryReasons":[],"status":"passed","title":"二次加载应该命中缓存而不重复实例化"},{"ancestorTitles":["ProviderLoader - 单元测试","缓存机制测试"],"duration":0,"failureDetails":[],"failureMessages":[],"fullName":"ProviderLoader - 单元测试 缓存机制测试 clearCache应该清空所有缓存","invocations":1,"location":null,"numPassingAsserts":3,"retryReasons":[],"status":"passed","title":"clearCache应该清空所有缓存"},{"ancestorTitles":["ProviderLoader - 单元测试","缓存机制测试"],"duration":0,"failureDetails":[],"failureMessages":[],"fullName":"ProviderLoader - 单元测试 缓存机制测试 clearCacheForProvider应该清除指定Provider的缓存","invocations":1,"location":null,"numPassingAsserts":3,"retryReasons":[],"status":"passed","title":"clearCacheForProvider应该清除指定Provider的缓存"},{"ancestorTitles":["ProviderLoader - 单元测试","错误处理测试"],"duration":0,"failureDetails":[],"failureMessages":[],"fullName":"ProviderLoader - 单元测试 错误处理测试 应该正确统计错误次数","invocations":1,"location":null,"numPassingAsserts":2,"retryReasons":[],"status":"passed","title":"应该正确统计错误次数"},{"ancestorTitles":["ProviderLoader - 单元测试","错误处理测试"],"duration":0,"failureDetails":[],"failureMessages":[],"fullName":"ProviderLoader - 单元测试 错误处理测试 空handlerKey应该抛出错误","invocations":1,"location":null,"numPassingAsserts":2,"retryReasons":[],"status":"passed","title":"空handlerKey应该抛出错误"},{"ancestorTitles":["ProviderLoader - 单元测试","错误处理测试"],"duration":0,"failureDetails":[],"failureMessages":[],"fullName":"ProviderLoader - 单元测试 错误处理测试 null/undefined handlerKey应该抛出错误","invocations":1,"location":null,"numPassingAsserts":2,"retryReasons":[],"status":"passed","title":"null/undefined handlerKey应该抛出错误"},{"ancestorTitles":["ProviderLoader - 单元测试","统计信息测试"],"duration":0,"failureDetails":[],"failureMessages":[],"fullName":"ProviderLoader - 单元测试 统计信息测试 getStats应该返回完整的统计信息","invocations":1,"location":null,"numPassingAsserts":10,"retryReasons":[],"status":"passed","title":"getStats应该返回完整的统计信息"},{"ancestorTitles":["ProviderLoader - 单元测试","统计信息测试"],"duration":1,"failureDetails":[],"failureMessages":[],"fullName":"ProviderLoader - 单元测试 统计信息测试 统计信息应该正确累计","invocations":1,"location":null,"numPassingAsserts":4,"retryReasons":[],"status":"passed","title":"统计信息应该正确累计"},{"ancestorTitles":["GenericHttpProvider - 单元测试"],"duration":0,"failureDetails":[],"failureMessages":[],"fullName":"GenericHttpProvider - 单元测试 Provider应该有正确的name属性","invocations":1,"location":null,"numPassingAsserts":1,"retryReasons":[],"status":"passed","title":"Provider应该有正确的name属性"},{"ancestorTitles":["GenericHttpProvider - 单元测试"],"duration":0,"failureDetails":[],"failureMessages":[],"fullName":"GenericHttpProvider - 单元测试 Provider应该实现execute方法","invocations":1,"location":null,"numPassingAsserts":1,"retryReasons":[],"status":"passed","title":"Provider应该实现execute方法"},{"ancestorTitles":["GenericHttpProvider - 单元测试"],"duration":0,"failureDetails":[],"failureMessages":[],"fullName":"GenericHttpProvider - 单元测试 Provider应该实现healthCheck方法","invocations":1,"location":null,"numPassingAsserts":1,"retryReasons":[],"status":"passed","title":"Provider应该实现healthCheck方法"},{"ancestorTitles":["GenericHttpProvider - 单元测试"],"duration":0,"failureDetails":[],"failureMessages":[],"fullName":"GenericHttpProvider - 单元测试 healthCheck应该返回boolean","invocations":1,"location":null,"numPassingAsserts":1,"retryReasons":[],"status":"passed","title":"healthCheck应该返回boolean"}],"endTime":1762696421962,"message":"","name":"C:\\Users\\qq100\\Desktop\\迭代目录\\新建文件夹 (4)\\backend\\tests\\unit\\providers\\provider-loader.test.ts","startTime":1762696421878,"status":"passed","summary":""},{"assertionResults":[{"ancestorTitles":["GenericHTTP Provider - 单元测试","参数校验"],"duration":2,"failureDetails":[],"failureMessages":[],"fullName":"GenericHTTP Provider - 单元测试 参数校验 应该拒绝空输入","invocations":1,"location":null,"numPassingAsserts":3,"retryReasons":[],"status":"passed","title":"应该拒绝空输入"},{"ancestorTitles":["GenericHTTP Provider - 单元测试","参数校验"],"duration":0,"failureDetails":[],"failureMessages":[],"fullName":"GenericHTTP Provider - 单元测试 参数校验 应该拒绝缺少req_template","invocations":1,"location":null,"numPassingAsserts":1,"retryReasons":[],"status":"passed","title":"应该拒绝缺少req_template"},{"ancestorTitles":["GenericHTTP Provider - 单元测试","参数校验"],"duration":1,"failureDetails":[],"failureMessages":[],"fullName":"GenericHTTP Provider - 单元测试 参数校验 应该拒绝缺少method","invocations":1,"location":null,"numPassingAsserts":1,"retryReasons":[],"status":"passed","title":"应该拒绝缺少method"},{"ancestorTitles":["GenericHTTP Provider - 单元测试","参数校验"],"duration":0,"failureDetails":[],"failureMessages":[],"fullName":"GenericHTTP Provider - 单元测试 参数校验 应该拒绝缺少url","invocations":1,"location":null,"numPassingAsserts":1,"retryReasons":[],"status":"passed","title":"应该拒绝缺少url"},{"ancestorTitles":["GenericHTTP Provider - 单元测试","参数校验"],"duration":0,"failureDetails":[],"failureMessages":[],"fullName":"GenericHTTP Provider - 单元测试 参数校验 应该拒绝不支持的HTTP方法","invocations":1,"location":null,"numPassingAsserts":1,"retryReasons":[],"status":"passed","title":"应该拒绝不支持的HTTP方法"},{"ancestorTitles":["GenericHTTP Provider - 单元测试","参数校验"],"duration":0,"failureDetails":[],"failureMessages":[],"fullName":"GenericHTTP Provider - 单元测试 参数校验 应该接受有效输入","invocations":1,"location":null,"numPassingAsserts":1,"retryReasons":[],"status":"passed","title":"应该接受有效输入"},{"ancestorTitles":["GenericHTTP Provider - 单元测试","GET请求"],"duration":3,"failureDetails":[],"failureMessages":[],"fullName":"GenericHTTP Provider - 单元测试 GET请求 应该发送简单的GET请求","invocations":1,"location":null,"numPassingAsserts":3,"retryReasons":[],"status":"passed","title":"应该发送简单的GET请求"},{"ancestorTitles":["GenericHTTP Provider - 单元测试","GET请求"],"duration":1,"failureDetails":[],"failureMessages":[],"fullName":"GenericHTTP Provider - 单元测试 GET请求 应该替换URL中的变量","invocations":1,"location":null,"numPassingAsserts":2,"retryReasons":[],"status":"passed","title":"应该替换URL中的变量"},{"ancestorTitles":["GenericHTTP Provider - 单元测试","GET请求"],"duration":1,"failureDetails":[],"failureMessages":[],"fullName":"GenericHTTP Provider - 单元测试 GET请求 应该替换headers中的变量","invocations":1,"location":null,"numPassingAsserts":3,"retryReasons":[],"status":"passed","title":"应该替换headers中的变量"},{"ancestorTitles":["GenericHTTP Provider - 单元测试","GET请求"],"duration":1,"failureDetails":[],"failureMessages":[],"fullName":"GenericHTTP Provider - 单元测试 GET请求 应该替换params中的变量","invocations":1,"location":null,"numPassingAsserts":2,"retryReasons":[],"status":"passed","title":"应该替换params中的变量"},{"ancestorTitles":["GenericHTTP Provider - 单元测试","POST请求"],"duration":1,"failureDetails":[],"failureMessages":[],"fullName":"GenericHTTP Provider - 单元测试 POST请求 应该发送POST请求with body","invocations":1,"location":null,"numPassingAsserts":3,"retryReasons":[],"status":"passed","title":"应该发送POST请求with body"},{"ancestorTitles":["GenericHTTP Provider - 单元测试","POST请求"],"duration":0,"failureDetails":[],"failureMessages":[],"fullName":"GenericHTTP Provider - 单元测试 POST请求 应该替换body中的变量","invocations":1,"location":null,"numPassingAsserts":3,"retryReasons":[],"status":"passed","title":"应该替换body中的变量"},{"ancestorTitles":["GenericHTTP Provider - 单元测试","extractPath功能"],"duration":1,"failureDetails":[],"failureMessages":[],"fullName":"GenericHTTP Provider - 单元测试 extractPath功能 应该从响应中提取指定路径的数据","invocations":1,"location":null,"numPassingAsserts":3,"retryReasons":[],"status":"passed","title":"应该从响应中提取指定路径的数据"},{"ancestorTitles":["GenericHTTP Provider - 单元测试","extractPath功能"],"duration":0,"failureDetails":[],"failureMessages":[],"fullName":"GenericHTTP Provider - 单元测试 extractPath功能 extractPath不存在时应该返回undefined","invocations":1,"location":null,"numPassingAsserts":2,"retryReasons":[],"status":"passed","title":"extractPath不存在时应该返回undefined"},{"ancestorTitles":["GenericHTTP Provider - 单元测试","HTTP错误处理"],"duration":15,"failureDetails":[],"failureMessages":[],"fullName":"GenericHTTP Provider - 单元测试 HTTP错误处理 应该处理4xx客户端错误","invocations":1,"location":null,"numPassingAsserts":4,"retryReasons":[],"status":"passed","title":"应该处理4xx客户端错误"},{"ancestorTitles":["GenericHTTP Provider - 单元测试","HTTP错误处理"],"duration":1,"failureDetails":[],"failureMessages":[],"fullName":"GenericHTTP Provider - 单元测试 HTTP错误处理 应该处理5xx服务器错误","invocations":1,"location":null,"numPassingAsserts":3,"retryReasons":[],"status":"passed","title":"应该处理5xx服务器错误"},{"ancestorTitles":["GenericHTTP Provider - 单元测试","HTTP错误处理"],"duration":10,"failureDetails":[],"failureMessages":[],"fullName":"GenericHTTP Provider - 单元测试 HTTP错误处理 应该处理网络错误","invocations":1,"location":null,"numPassingAsserts":3,"retryReasons":[],"status":"passed","title":"应该处理网络错误"},{"ancestorTitles":["GenericHTTP Provider - 单元测试","超时控制"],"duration":2,"failureDetails":[],"failureMessages":[],"fullName":"GenericHTTP Provider - 单元测试 超时控制 应该在超时时中止请求","invocations":1,"location":null,"numPassingAsserts":3,"retryReasons":[],"status":"passed","title":"应该在超时时中止请求"},{"ancestorTitles":["GenericHTTP Provider - 单元测试","重试逻辑"],"duration":106,"failureDetails":[],"failureMessages":[],"fullName":"GenericHTTP Provider - 单元测试 重试逻辑 请求失败时应该按照重试策略重试","invocations":1,"location":null,"numPassingAsserts":2,"retryReasons":[],"status":"passed","title":"请求失败时应该按照重试策略重试"},{"ancestorTitles":["GenericHTTP Provider - 单元测试","healthCheck"],"duration":0,"failureDetails":[],"failureMessages":[],"fullName":"GenericHTTP Provider - 单元测试 healthCheck 默认健康检查应该返回true","invocations":1,"location":null,"numPassingAsserts":1,"retryReasons":[],"status":"passed","title":"默认健康检查应该返回true"}],"endTime":1762696422186,"message":"","name":"C:\\Users\\qq100\\Desktop\\迭代目录\\新建文件夹 (4)\\backend\\tests\\unit\\providers\\genericHttp.handler.test.ts","startTime":1762696421966,"status":"passed","summary":""},{"assertionResults":[{"ancestorTitles":["CacheManager - 单元测试","L1缓存（仅内存）"],"duration":3,"failureDetails":[],"failureMessages":[],"fullName":"CacheManager - 单元测试 L1缓存（仅内存） 应该成功写入和读取L1缓存","invocations":1,"location":null,"numPassingAsserts":1,"retryReasons":[],"status":"passed","title":"应该成功写入和读取L1缓存"},{"ancestorTitles":["CacheManager - 单元测试","L1缓存（仅内存）"],"duration":1,"failureDetails":[],"failureMessages":[],"fullName":"CacheManager - 单元测试 L1缓存（仅内存） 应该支持对象类型","invocations":1,"location":null,"numPassingAsserts":1,"retryReasons":[],"status":"passed","title":"应该支持对象类型"},{"ancestorTitles":["CacheManager - 单元测试","L1缓存（仅内存）"],"duration":0,"failureDetails":[],"failureMessages":[],"fullName":"CacheManager - 单元测试 L1缓存（仅内存） 应该支持数组类型","invocations":1,"location":null,"numPassingAsserts":1,"retryReasons":[],"status":"passed","title":"应该支持数组类型"},{"ancestorTitles":["CacheManager - 单元测试","L1缓存（仅内存）"],"duration":1,"failureDetails":[],"failureMessages":[],"fullName":"CacheManager - 单元测试 L1缓存（仅内存） 未命中应该返回null","invocations":1,"location":null,"numPassingAsserts":1,"retryReasons":[],"status":"passed","title":"未命中应该返回null"},{"ancestorTitles":["CacheManager - 单元测试","L1缓存（仅内存）"],"duration":1,"failureDetails":[],"failureMessages":[],"fullName":"CacheManager - 单元测试 L1缓存（仅内存） 应该支持删除缓存","invocations":1,"location":null,"numPassingAsserts":1,"retryReasons":[],"status":"passed","title":"应该支持删除缓存"},{"ancestorTitles":["CacheManager - 单元测试","L1缓存（仅内存）"],"duration":1,"failureDetails":[],"failureMessages":[],"fullName":"CacheManager - 单元测试 L1缓存（仅内存） 应该支持清空所有缓存","invocations":1,"location":null,"numPassingAsserts":3,"retryReasons":[],"status":"passed","title":"应该支持清空所有缓存"},{"ancestorTitles":["CacheManager - 单元测试","命名空间隔离"],"duration":1,"failureDetails":[],"failureMessages":[],"fullName":"CacheManager - 单元测试 命名空间隔离 不同namespace的缓存应该隔离","invocations":1,"location":null,"numPassingAsserts":2,"retryReasons":[],"status":"passed","title":"不同namespace的缓存应该隔离"},{"ancestorTitles":["CacheManager - 单元测试","缓存统计"],"duration":1,"failureDetails":[],"failureMessages":[],"fullName":"CacheManager - 单元测试 缓存统计 应该正确统计L1命中和未命中","invocations":1,"location":null,"numPassingAsserts":2,"retryReasons":[],"status":"passed","title":"应该正确统计L1命中和未命中"},{"ancestorTitles":["CacheManager - 单元测试","缓存统计"],"duration":1,"failureDetails":[],"failureMessages":[],"fullName":"CacheManager - 单元测试 缓存统计 应该正确计算命中率","invocations":1,"location":null,"numPassingAsserts":2,"retryReasons":[],"status":"passed","title":"应该正确计算命中率"},{"ancestorTitles":["CacheManager - 单元测试","缓存统计"],"duration":1,"failureDetails":[],"failureMessages":[],"fullName":"CacheManager - 单元测试 缓存统计 应该支持重置统计信息","invocations":1,"location":null,"numPassingAsserts":2,"retryReasons":[],"status":"passed","title":"应该支持重置统计信息"},{"ancestorTitles":["CacheManager - 单元测试","缓存统计"],"duration":0,"failureDetails":[],"failureMessages":[],"fullName":"CacheManager - 单元测试 缓存统计 应该正确统计缓存大小","invocations":1,"location":null,"numPassingAsserts":1,"retryReasons":[],"status":"passed","title":"应该正确统计缓存大小"},{"ancestorTitles":["CacheManager - 单元测试","边界情况"],"duration":1,"failureDetails":[],"failureMessages":[],"fullName":"CacheManager - 单元测试 边界情况 应该处理null值","invocations":1,"location":null,"numPassingAsserts":1,"retryReasons":[],"status":"passed","title":"应该处理null值"},{"ancestorTitles":["CacheManager - 单元测试","边界情况"],"duration":1,"failureDetails":[],"failureMessages":[],"fullName":"CacheManager - 单元测试 边界情况 应该处理undefined值","invocations":1,"location":null,"numPassingAsserts":1,"retryReasons":[],"status":"passed","title":"应该处理undefined值"},{"ancestorTitles":["CacheManager - 单元测试","边界情况"],"duration":0,"failureDetails":[],"failureMessages":[],"fullName":"CacheManager - 单元测试 边界情况 应该处理空字符串","invocations":1,"location":null,"numPassingAsserts":1,"retryReasons":[],"status":"passed","title":"应该处理空字符串"},{"ancestorTitles":["CacheManager - 单元测试","边界情况"],"duration":1,"failureDetails":[],"failureMessages":[],"fullName":"CacheManager - 单元测试 边界情况 应该处理数字0","invocations":1,"location":null,"numPassingAsserts":1,"retryReasons":[],"status":"passed","title":"应该处理数字0"},{"ancestorTitles":["CacheManager - 单元测试","边界情况"],"duration":0,"failureDetails":[],"failureMessages":[],"fullName":"CacheManager - 单元测试 边界情况 应该处理布尔值false","invocations":1,"location":null,"numPassingAsserts":1,"retryReasons":[],"status":"passed","title":"应该处理布尔值false"},{"ancestorTitles":["CacheManager - 单元测试","边界情况"],"duration":1,"failureDetails":[],"failureMessages":[],"fullName":"CacheManager - 单元测试 边界情况 应该处理大对象","invocations":1,"location":null,"numPassingAsserts":1,"retryReasons":[],"status":"passed","title":"应该处理大对象"},{"ancestorTitles":["CacheManager - 单元测试","TTL过期"],"duration":156,"failureDetails":[],"failureMessages":[],"fullName":"CacheManager - 单元测试 TTL过期 过期的缓存应该自动清除","invocations":1,"location":null,"numPassingAsserts":2,"retryReasons":[],"status":"passed","title":"过期的缓存应该自动清除"},{"ancestorTitles":["CacheManager - 单元测试","LRU淘汰策略"],"duration":1,"failureDetails":[],"failureMessages":[],"fullName":"CacheManager - 单元测试 LRU淘汰策略 超过maxSize时应该淘汰最久未使用的条目","invocations":1,"location":null,"numPassingAsserts":5,"retryReasons":[],"status":"passed","title":"超过maxSize时应该淘汰最久未使用的条目"}],"endTime":1762696422409,"message":"","name":"C:\\Users\\qq100\\Desktop\\迭代目录\\新建文件夹 (4)\\backend\\tests\\unit\\utils\\cache.test.ts","startTime":1762696422190,"status":"passed","summary":""},{"assertionResults":[{"ancestorTitles":["CosSTSService","getSTSCredentials() - 生成临时密钥"],"duration":1,"failureDetails":[],"failureMessages":[],"fullName":"CosSTSService getSTSCredentials() - 生成临时密钥 应该成功生成upload权限的临时密钥","invocations":1,"location":null,"numPassingAsserts":3,"retryReasons":[],"status":"passed","title":"应该成功生成upload权限的临时密钥"},{"ancestorTitles":["CosSTSService","getSTSCredentials() - 生成临时密钥"],"duration":0,"failureDetails":[],"failureMessages":[],"fullName":"CosSTSService getSTSCredentials() - 生成临时密钥 应该成功生成download权限的临时密钥","invocations":1,"location":null,"numPassingAsserts":1,"retryReasons":[],"status":"passed","title":"应该成功生成download权限的临时密钥"},{"ancestorTitles":["CosSTSService","getSTSCredentials() - 生成临时密钥"],"duration":1,"failureDetails":[],"failureMessages":[],"fullName":"CosSTSService getSTSCredentials() - 生成临时密钥 应该成功生成all权限的临时密钥","invocations":1,"location":null,"numPassingAsserts":1,"retryReasons":[],"status":"passed","title":"应该成功生成all权限的临时密钥"},{"ancestorTitles":["CosSTSService","getSTSCredentials() - 生成临时密钥"],"duration":0,"failureDetails":[],"failureMessages":[],"fullName":"CosSTSService getSTSCredentials() - 生成临时密钥 应该自动限制duration在最小和最大值之间","invocations":1,"location":null,"numPassingAsserts":2,"retryReasons":[],"status":"passed","title":"应该自动限制duration在最小和最大值之间"},{"ancestorTitles":["CosSTSService","getSTSCredentials() - 生成临时密钥"],"duration":0,"failureDetails":[],"failureMessages":[],"fullName":"CosSTSService getSTSCredentials() - 生成临时密钥 应该使用默认参数生成临时密钥","invocations":1,"location":null,"numPassingAsserts":2,"retryReasons":[],"status":"passed","title":"应该使用默认参数生成临时密钥"},{"ancestorTitles":["CosSTSService","getSTSCredentials() - 生成临时密钥"],"duration":4,"failureDetails":[],"failureMessages":[],"fullName":"CosSTSService getSTSCredentials() - 生成临时密钥 应该在STS API调用失败时抛出错误","invocations":1,"location":null,"numPassingAsserts":2,"retryReasons":[],"status":"passed","title":"应该在STS API调用失败时抛出错误"},{"ancestorTitles":["CosSTSService","getSTSCredentials() - 生成临时密钥"],"duration":0,"failureDetails":[],"failureMessages":[],"fullName":"CosSTSService getSTSCredentials() - 生成临时密钥 应该支持自定义bucket和region","invocations":1,"location":null,"numPassingAsserts":3,"retryReasons":[],"status":"passed","title":"应该支持自定义bucket和region"},{"ancestorTitles":["CosSTSService","validateConfig() - 验证配置"],"duration":0,"failureDetails":[],"failureMessages":[],"fullName":"CosSTSService validateConfig() - 验证配置 应该在配置完整时返回true","invocations":1,"location":null,"numPassingAsserts":1,"retryReasons":[],"status":"passed","title":"应该在配置完整时返回true"},{"ancestorTitles":["CosSTSService","validateConfig() - 验证配置"],"duration":0,"failureDetails":[],"failureMessages":[],"fullName":"CosSTSService validateConfig() - 验证配置 应该在配置缺失时返回false","invocations":1,"location":null,"numPassingAsserts":1,"retryReasons":[],"status":"passed","title":"应该在配置缺失时返回false"},{"ancestorTitles":["CosSTSService","healthCheck() - 健康检查"],"duration":0,"failureDetails":[],"failureMessages":[],"fullName":"CosSTSService healthCheck() - 健康检查 应该返回健康状态和配置信息","invocations":1,"location":null,"numPassingAsserts":1,"retryReasons":[],"status":"passed","title":"应该返回健康状态和配置信息"},{"ancestorTitles":["CosSTSService","generateUploadUrl() - 生成上传签名URL"],"duration":0,"failureDetails":[],"failureMessages":[],"fullName":"CosSTSService generateUploadUrl() - 生成上传签名URL 应该生成正确的上传URL","invocations":1,"location":null,"numPassingAsserts":3,"retryReasons":[],"status":"passed","title":"应该生成正确的上传URL"},{"ancestorTitles":["CosSTSService","generateUploadUrl() - 生成上传签名URL"],"duration":1,"failureDetails":[],"failureMessages":[],"fullName":"CosSTSService generateUploadUrl() - 生成上传签名URL 应该使用默认过期时间","invocations":1,"location":null,"numPassingAsserts":2,"retryReasons":[],"status":"passed","title":"应该使用默认过期时间"},{"ancestorTitles":["CosSTSService","generateDownloadUrl() - 生成下载签名URL"],"duration":0,"failureDetails":[],"failureMessages":[],"fullName":"CosSTSService generateDownloadUrl() - 生成下载签名URL 应该生成正确的下载URL","invocations":1,"location":null,"numPassingAsserts":3,"retryReasons":[],"status":"passed","title":"应该生成正确的下载URL"},{"ancestorTitles":["CosSTSService","权限策略测试"],"duration":0,"failureDetails":[],"failureMessages":[],"fullName":"CosSTSService 权限策略测试 upload权限应该只包含上传相关操作","invocations":1,"location":null,"numPassingAsserts":6,"retryReasons":[],"status":"passed","title":"upload权限应该只包含上传相关操作"},{"ancestorTitles":["CosSTSService","权限策略测试"],"duration":1,"failureDetails":[],"failureMessages":[],"fullName":"CosSTSService 权限策略测试 download权限应该只包含下载相关操作","invocations":1,"location":null,"numPassingAsserts":3,"retryReasons":[],"status":"passed","title":"download权限应该只包含下载相关操作"},{"ancestorTitles":["CosSTSService","权限策略测试"],"duration":0,"failureDetails":[],"failureMessages":[],"fullName":"CosSTSService 权限策略测试 all权限应该包含所有操作","invocations":1,"location":null,"numPassingAsserts":1,"retryReasons":[],"status":"passed","title":"all权限应该包含所有操作"},{"ancestorTitles":["CosSTSService","权限策略测试"],"duration":0,"failureDetails":[],"failureMessages":[],"fullName":"CosSTSService 权限策略测试 resource路径应该正确限制prefix","invocations":1,"location":null,"numPassingAsserts":1,"retryReasons":[],"status":"passed","title":"resource路径应该正确限制prefix"}],"endTime":1762696422521,"message":"","name":"C:\\Users\\qq100\\Desktop\\迭代目录\\新建文件夹 (4)\\backend\\tests\\unit\\cos-sts.service.test.ts","startTime":1762696422445,"status":"passed","summary":""},{"assertionResults":[{"ancestorTitles":["CacheInvalidationManager - 单元测试","消息发布"],"duration":56,"failureDetails":[],"failureMessages":[],"fullName":"CacheInvalidationManager - 单元测试 消息发布 应该成功发布精准失效消息","invocations":1,"location":null,"numPassingAsserts":7,"retryReasons":[],"status":"passed","title":"应该成功发布精准失效消息"},{"ancestorTitles":["CacheInvalidationManager - 单元测试","消息发布"],"duration":62,"failureDetails":[],"failureMessages":[],"fullName":"CacheInvalidationManager - 单元测试 消息发布 应该成功发布模糊失效消息","invocations":1,"location":null,"numPassingAsserts":3,"retryReasons":[],"status":"passed","title":"应该成功发布模糊失效消息"},{"ancestorTitles":["CacheInvalidationManager - 单元测试","消息发布"],"duration":63,"failureDetails":[],"failureMessages":[],"fullName":"CacheInvalidationManager - 单元测试 消息发布 应该成功发布清空缓存消息","invocations":1,"location":null,"numPassingAsserts":2,"retryReasons":[],"status":"passed","title":"应该成功发布清空缓存消息"},{"ancestorTitles":["CacheInvalidationManager - 单元测试","消息处理"],"duration":1,"failureDetails":[],"failureMessages":[],"fullName":"CacheInvalidationManager - 单元测试 消息处理 应该正确处理精准失效消息","invocations":1,"location":null,"numPassingAsserts":2,"retryReasons":[],"status":"passed","title":"应该正确处理精准失效消息"},{"ancestorTitles":["CacheInvalidationManager - 单元测试","消息处理"],"duration":1,"failureDetails":[],"failureMessages":[],"fullName":"CacheInvalidationManager - 单元测试 消息处理 应该正确处理模糊失效消息","invocations":1,"location":null,"numPassingAsserts":2,"retryReasons":[],"status":"passed","title":"应该正确处理模糊失效消息"},{"ancestorTitles":["CacheInvalidationManager - 单元测试","消息处理"],"duration":2,"failureDetails":[],"failureMessages":[],"fullName":"CacheInvalidationManager - 单元测试 消息处理 应该正确处理清空缓存消息","invocations":1,"location":null,"numPassingAsserts":3,"retryReasons":[],"status":"passed","title":"应该正确处理清空缓存消息"},{"ancestorTitles":["CacheInvalidationManager - 单元测试","消息处理"],"duration":1,"failureDetails":[],"failureMessages":[],"fullName":"CacheInvalidationManager - 单元测试 消息处理 应该忽略自己发布的消息","invocations":1,"location":null,"numPassingAsserts":1,"retryReasons":[],"status":"passed","title":"应该忽略自己发布的消息"},{"ancestorTitles":["CacheInvalidationManager - 单元测试","错误处理"],"duration":1,"failureDetails":[],"failureMessages":[],"fullName":"CacheInvalidationManager - 单元测试 错误处理 Redis未就绪时应该优雅降级","invocations":1,"location":null,"numPassingAsserts":3,"retryReasons":[],"status":"passed","title":"Redis未就绪时应该优雅降级"},{"ancestorTitles":["CacheInvalidationManager - 单元测试","错误处理"],"duration":1,"failureDetails":[],"failureMessages":[],"fullName":"CacheInvalidationManager - 单元测试 错误处理 处理非法消息对象应该不crash","invocations":1,"location":null,"numPassingAsserts":1,"retryReasons":[],"status":"passed","title":"处理非法消息对象应该不crash"},{"ancestorTitles":["CacheInvalidationManager - 单元测试","实例ID"],"duration":1,"failureDetails":[],"failureMessages":[],"fullName":"CacheInvalidationManager - 单元测试 实例ID 每个实例应该有唯一的ID","invocations":1,"location":null,"numPassingAsserts":1,"retryReasons":[],"status":"passed","title":"每个实例应该有唯一的ID"}],"endTime":1762696422761,"message":"","name":"C:\\Users\\qq100\\Desktop\\迭代目录\\新建文件夹 (4)\\backend\\tests\\unit\\utils\\cacheInvalidation.test.ts","startTime":1762696422524,"status":"passed","summary":""},{"assertionResults":[{"ancestorTitles":["MembershipPlansController - 单元测试","listPlans"],"duration":1,"failureDetails":[],"failureMessages":[],"fullName":"MembershipPlansController - 单元测试 listPlans 应该成功列出套餐","invocations":1,"location":null,"numPassingAsserts":1,"retryReasons":[],"status":"passed","title":"应该成功列出套餐"},{"ancestorTitles":["MembershipPlansController - 单元测试","createPlan"],"duration":0,"failureDetails":[],"failureMessages":[],"fullName":"MembershipPlansController - 单元测试 createPlan 应该成功创建套餐","invocations":1,"location":null,"numPassingAsserts":2,"retryReasons":[],"status":"passed","title":"应该成功创建套餐"},{"ancestorTitles":["MembershipPlansController - 单元测试","createPlan"],"duration":1,"failureDetails":[],"failureMessages":[],"fullName":"MembershipPlansController - 单元测试 createPlan 套餐名称为空应该返回400","invocations":1,"location":null,"numPassingAsserts":1,"retryReasons":[],"status":"passed","title":"套餐名称为空应该返回400"},{"ancestorTitles":["MembershipPlansController - 单元测试","createPlan"],"duration":0,"failureDetails":[],"failureMessages":[],"fullName":"MembershipPlansController - 单元测试 createPlan slug为空应该返回400","invocations":1,"location":null,"numPassingAsserts":1,"retryReasons":[],"status":"passed","title":"slug为空应该返回400"},{"ancestorTitles":["MembershipPlansController - 单元测试","createPlan"],"duration":0,"failureDetails":[],"failureMessages":[],"fullName":"MembershipPlansController - 单元测试 createPlan 价格为负数应该返回400","invocations":1,"location":null,"numPassingAsserts":1,"retryReasons":[],"status":"passed","title":"价格为负数应该返回400"},{"ancestorTitles":["MembershipPlansController - 单元测试","createPlan"],"duration":0,"failureDetails":[],"failureMessages":[],"fullName":"MembershipPlansController - 单元测试 createPlan 有效期小于等于0应该返回400","invocations":1,"location":null,"numPassingAsserts":1,"retryReasons":[],"status":"passed","title":"有效期小于等于0应该返回400"},{"ancestorTitles":["MembershipPlansController - 单元测试","getPlan"],"duration":0,"failureDetails":[],"failureMessages":[],"fullName":"MembershipPlansController - 单元测试 getPlan 应该成功获取套餐","invocations":1,"location":null,"numPassingAsserts":1,"retryReasons":[],"status":"passed","title":"应该成功获取套餐"},{"ancestorTitles":["MembershipPlansController - 单元测试","getPlan"],"duration":1,"failureDetails":[],"failureMessages":[],"fullName":"MembershipPlansController - 单元测试 getPlan 套餐不存在应该返回404","invocations":1,"location":null,"numPassingAsserts":1,"retryReasons":[],"status":"passed","title":"套餐不存在应该返回404"},{"ancestorTitles":["MembershipPlansController - 单元测试","updatePlan"],"duration":0,"failureDetails":[],"failureMessages":[],"fullName":"MembershipPlansController - 单元测试 updatePlan 应该成功更新套餐","invocations":1,"location":null,"numPassingAsserts":1,"retryReasons":[],"status":"passed","title":"应该成功更新套餐"},{"ancestorTitles":["MembershipPlansController - 单元测试","deletePlan"],"duration":0,"failureDetails":[],"failureMessages":[],"fullName":"MembershipPlansController - 单元测试 deletePlan 应该成功删除套餐","invocations":1,"location":null,"numPassingAsserts":1,"retryReasons":[],"status":"passed","title":"应该成功删除套餐"},{"ancestorTitles":["MembershipPlansController - 单元测试","deletePlan"],"duration":0,"failureDetails":[],"failureMessages":[],"fullName":"MembershipPlansController - 单元测试 deletePlan 删除不存在的套餐应该返回404","invocations":1,"location":null,"numPassingAsserts":1,"retryReasons":[],"status":"passed","title":"删除不存在的套餐应该返回404"},{"ancestorTitles":["MembershipPlansController - 单元测试","setPlanBenefits"],"duration":1,"failureDetails":[],"failureMessages":[],"fullName":"MembershipPlansController - 单元测试 setPlanBenefits 应该成功设置套餐权益","invocations":1,"location":null,"numPassingAsserts":1,"retryReasons":[],"status":"passed","title":"应该成功设置套餐权益"},{"ancestorTitles":["MembershipPlansController - 单元测试","setPlanBenefits"],"duration":0,"failureDetails":[],"failureMessages":[],"fullName":"MembershipPlansController - 单元测试 setPlanBenefits benefits不是数组应该返回400","invocations":1,"location":null,"numPassingAsserts":1,"retryReasons":[],"status":"passed","title":"benefits不是数组应该返回400"}],"endTime":1762696422844,"message":"","name":"C:\\Users\\qq100\\Desktop\\迭代目录\\新建文件夹 (4)\\backend\\tests\\unit\\controllers\\membershipPlans.controller.test.ts","startTime":1762696422784,"status":"passed","summary":""},{"assertionResults":[{"ancestorTitles":["Crypto Utils - 单元测试","基本加解密"],"duration":2,"failureDetails":[],"failureMessages":[],"fullName":"Crypto Utils - 单元测试 基本加解密 应该成功加密和解密字符串","invocations":1,"location":null,"numPassingAsserts":6,"retryReasons":[],"status":"passed","title":"应该成功加密和解密字符串"},{"ancestorTitles":["Crypto Utils - 单元测试","基本加解密"],"duration":0,"failureDetails":[],"failureMessages":[],"fullName":"Crypto Utils - 单元测试 基本加解密 应该成功加密和解密对象","invocations":1,"location":null,"numPassingAsserts":1,"retryReasons":[],"status":"passed","title":"应该成功加密和解密对象"},{"ancestorTitles":["Crypto Utils - 单元测试","基本加解密"],"duration":1,"failureDetails":[],"failureMessages":[],"fullName":"Crypto Utils - 单元测试 基本加解密 每次加密应该产生不同的密文（随机IV）","invocations":1,"location":null,"numPassingAsserts":4,"retryReasons":[],"status":"passed","title":"每次加密应该产生不同的密文（随机IV）"},{"ancestorTitles":["Crypto Utils - 单元测试","基本加解密"],"duration":0,"failureDetails":[],"failureMessages":[],"fullName":"Crypto Utils - 单元测试 基本加解密 应该处理空字符串","invocations":1,"location":null,"numPassingAsserts":1,"retryReasons":[],"status":"passed","title":"应该处理空字符串"},{"ancestorTitles":["Crypto Utils - 单元测试","基本加解密"],"duration":0,"failureDetails":[],"failureMessages":[],"fullName":"Crypto Utils - 单元测试 基本加解密 应该处理长文本","invocations":1,"location":null,"numPassingAsserts":1,"retryReasons":[],"status":"passed","title":"应该处理长文本"},{"ancestorTitles":["Crypto Utils - 单元测试","基本加解密"],"duration":0,"failureDetails":[],"failureMessages":[],"fullName":"Crypto Utils - 单元测试 基本加解密 应该处理特殊字符","invocations":1,"location":null,"numPassingAsserts":1,"retryReasons":[],"status":"passed","title":"应该处理特殊字符"},{"ancestorTitles":["Crypto Utils - 单元测试","篡改检测"],"duration":4,"failureDetails":[],"failureMessages":[],"fullName":"Crypto Utils - 单元测试 篡改检测 篡改密文应该导致解密失败","invocations":1,"location":null,"numPassingAsserts":2,"retryReasons":[],"status":"passed","title":"篡改密文应该导致解密失败"},{"ancestorTitles":["Crypto Utils - 单元测试","篡改检测"],"duration":0,"failureDetails":[],"failureMessages":[],"fullName":"Crypto Utils - 单元测试 篡改检测 篡改IV应该导致解密失败","invocations":1,"location":null,"numPassingAsserts":1,"retryReasons":[],"status":"passed","title":"篡改IV应该导致解密失败"},{"ancestorTitles":["Crypto Utils - 单元测试","篡改检测"],"duration":1,"failureDetails":[],"failureMessages":[],"fullName":"Crypto Utils - 单元测试 篡改检测 篡改authTag应该导致解密失败","invocations":1,"location":null,"numPassingAsserts":1,"retryReasons":[],"status":"passed","title":"篡改authTag应该导致解密失败"},{"ancestorTitles":["Crypto Utils - 单元测试","错误密钥"],"duration":1,"failureDetails":[],"failureMessages":[],"fullName":"Crypto Utils - 单元测试 错误密钥 使用不存在的密钥版本应该失败","invocations":1,"location":null,"numPassingAsserts":1,"retryReasons":[],"status":"passed","title":"使用不存在的密钥版本应该失败"},{"ancestorTitles":["Crypto Utils - 单元测试","错误密钥"],"duration":0,"failureDetails":[],"failureMessages":[],"fullName":"Crypto Utils - 单元测试 错误密钥 使用错误的密钥版本应该解密失败","invocations":1,"location":null,"numPassingAsserts":1,"retryReasons":[],"status":"passed","title":"使用错误的密钥版本应该解密失败"},{"ancestorTitles":["Crypto Utils - 单元测试","密钥版本管理"],"duration":1,"failureDetails":[],"failureMessages":[],"fullName":"Crypto Utils - 单元测试 密钥版本管理 应该返回当前密钥版本","invocations":1,"location":null,"numPassingAsserts":2,"retryReasons":[],"status":"passed","title":"应该返回当前密钥版本"},{"ancestorTitles":["Crypto Utils - 单元测试","密钥版本管理"],"duration":0,"failureDetails":[],"failureMessages":[],"fullName":"Crypto Utils - 单元测试 密钥版本管理 应该支持添加新密钥版本","invocations":1,"location":null,"numPassingAsserts":2,"retryReasons":[],"status":"passed","title":"应该支持添加新密钥版本"},{"ancestorTitles":["Crypto Utils - 单元测试","密钥版本管理"],"duration":0,"failureDetails":[],"failureMessages":[],"fullName":"Crypto Utils - 单元测试 密钥版本管理 生成的主密钥应该是有效的Base64","invocations":1,"location":null,"numPassingAsserts":1,"retryReasons":[],"status":"passed","title":"生成的主密钥应该是有效的Base64"},{"ancestorTitles":["Crypto Utils - 单元测试","密钥轮换"],"duration":0,"failureDetails":[],"failureMessages":[],"fullName":"Crypto Utils - 单元测试 密钥轮换 应该能用新密钥重新加密数据","invocations":1,"location":null,"numPassingAsserts":4,"retryReasons":[],"status":"passed","title":"应该能用新密钥重新加密数据"},{"ancestorTitles":["Crypto Utils - 单元测试","密钥轮换"],"duration":0,"failureDetails":[],"failureMessages":[],"fullName":"Crypto Utils - 单元测试 密钥轮换 重新加密应该保持数据完整性","invocations":1,"location":null,"numPassingAsserts":1,"retryReasons":[],"status":"passed","title":"重新加密应该保持数据完整性"},{"ancestorTitles":["Crypto Utils - 单元测试","字段级加密"],"duration":0,"failureDetails":[],"failureMessages":[],"fullName":"Crypto Utils - 单元测试 字段级加密 应该加密对象中的敏感字段","invocations":1,"location":null,"numPassingAsserts":8,"retryReasons":[],"status":"passed","title":"应该加密对象中的敏感字段"},{"ancestorTitles":["Crypto Utils - 单元测试","字段级加密"],"duration":1,"failureDetails":[],"failureMessages":[],"fullName":"Crypto Utils - 单元测试 字段级加密 应该解密对象中的敏感字段","invocations":1,"location":null,"numPassingAsserts":1,"retryReasons":[],"status":"passed","title":"应该解密对象中的敏感字段"},{"ancestorTitles":["Crypto Utils - 单元测试","字段级加密"],"duration":0,"failureDetails":[],"failureMessages":[],"fullName":"Crypto Utils - 单元测试 字段级加密 应该处理不存在的敏感字段","invocations":1,"location":null,"numPassingAsserts":1,"retryReasons":[],"status":"passed","title":"应该处理不存在的敏感字段"},{"ancestorTitles":["Crypto Utils - 单元测试","字段级加密"],"duration":0,"failureDetails":[],"failureMessages":[],"fullName":"Crypto Utils - 单元测试 字段级加密 应该处理null和undefined字段","invocations":1,"location":null,"numPassingAsserts":2,"retryReasons":[],"status":"passed","title":"应该处理null和undefined字段"},{"ancestorTitles":["Crypto Utils - 单元测试","字段级加密"],"duration":0,"failureDetails":[],"failureMessages":[],"fullName":"Crypto Utils - 单元测试 字段级加密 应该处理对象类型的敏感字段","invocations":1,"location":null,"numPassingAsserts":1,"retryReasons":[],"status":"passed","title":"应该处理对象类型的敏感字段"},{"ancestorTitles":["Crypto Utils - 单元测试","边界情况"],"duration":0,"failureDetails":[],"failureMessages":[],"fullName":"Crypto Utils - 单元测试 边界情况 应该处理超长字段名","invocations":1,"location":null,"numPassingAsserts":1,"retryReasons":[],"status":"passed","title":"应该处理超长字段名"},{"ancestorTitles":["Crypto Utils - 单元测试","边界情况"],"duration":0,"failureDetails":[],"failureMessages":[],"fullName":"Crypto Utils - 单元测试 边界情况 解密损坏的加密数据应该优雅失败","invocations":1,"location":null,"numPassingAsserts":1,"retryReasons":[],"status":"passed","title":"解密损坏的加密数据应该优雅失败"},{"ancestorTitles":["Crypto Utils - 单元测试","边界情况"],"duration":0,"failureDetails":[],"failureMessages":[],"fullName":"Crypto Utils - 单元测试 边界情况 空敏感字段列表应该不加密任何字段","invocations":1,"location":null,"numPassingAsserts":1,"retryReasons":[],"status":"passed","title":"空敏感字段列表应该不加密任何字段"}],"endTime":1762696422914,"message":"","name":"C:\\Users\\qq100\\Desktop\\迭代目录\\新建文件夹 (4)\\backend\\tests\\unit\\utils\\crypto.test.ts","startTime":1762696422857,"status":"passed","summary":""},{"assertionResults":[{"ancestorTitles":["ConfigCacheService","getOrSet() - 多层缓存回源"],"duration":1,"failureDetails":[],"failureMessages":[],"fullName":"ConfigCacheService getOrSet() - 多层缓存回源 应该从L1 LRU缓存返回数据（缓存命中）","invocations":1,"location":null,"numPassingAsserts":3,"retryReasons":[],"status":"passed","title":"应该从L1 LRU缓存返回数据（缓存命中）"},{"ancestorTitles":["ConfigCacheService","getOrSet() - 多层缓存回源"],"duration":0,"failureDetails":[],"failureMessages":[],"fullName":"ConfigCacheService getOrSet() - 多层缓存回源 应该从L2 Redis缓存返回数据并回填LRU","invocations":1,"location":null,"numPassingAsserts":4,"retryReasons":[],"status":"passed","title":"应该从L2 Redis缓存返回数据并回填LRU"},{"ancestorTitles":["ConfigCacheService","getOrSet() - 多层缓存回源"],"duration":null,"failureDetails":[],"failureMessages":[],"fullName":"ConfigCacheServ
[...]
tle":"应该拒绝缺少action"},{"ancestorTitles":["TencentCI Provider - 单元测试","参数校验"],"duration":0,"failureDetails":[],"failureMessages":[],"fullName":"TencentCI Provider - 单元测试 参数校验 应该拒绝无效的action类型","invocations":1,"location":null,"numPassingAsserts":1,"retryReasons":[],"status":"passed","title":"应该拒绝无效的action类型"},{"ancestorTitles":["TencentCI Provider - 单元测试","参数校验"],"duration":0,"failureDetails":[],"failureMessages":[],"fullName":"TencentCI Provider - 单元测试 参数校验 应该拒绝缺少bucket","invocations":1,"location":null,"numPassingAsserts":1,"retryReasons":[],"status":"passed","title":"应该拒绝缺少bucket"},{"ancestorTitles":["TencentCI Provider - 单元测试","参数校验"],"duration":0,"failureDetails":[],"failureMessages":[],"fullName":"TencentCI Provider - 单元测试 参数校验 应该拒绝无效的bucket类型","invocations":1,"location":null,"numPassingAsserts":1,"retryReasons":[],"status":"passed","title":"应该拒绝无效的bucket类型"},{"ancestorTitles":["TencentCI Provider - 单元测试","参数校验"],"duration":1,"failureDetails":[],"failureMessages":[],"fullName":"TencentCI Provider - 单元测试 参数校验 应该拒绝缺少region","invocations":1,"location":null,"numPassingAsserts":1,"retryReasons":[],"status":"passed","title":"应该拒绝缺少region"},{"ancestorTitles":["TencentCI Provider - 单元测试","参数校验"],"duration":0,"failureDetails":[],"failureMessages":[],"fullName":"TencentCI Provider - 单元测试 参数校验 应该拒绝无效的region格式","invocations":1,"location":null,"numPassingAsserts":1,"retryReasons":[],"status":"passed","title":"应该拒绝无效的region格式"},{"ancestorTitles":["TencentCI Provider - 单元测试","参数校验"],"duration":0,"failureDetails":[],"failureMessages":[],"fullName":"TencentCI Provider - 单元测试 参数校验 应该拒绝缺少objectKey","invocations":1,"location":null,"numPassingAsserts":1,"retryReasons":[],"status":"passed","title":"应该拒绝缺少objectKey"},{"ancestorTitles":["TencentCI Provider - 单元测试","参数校验"],"duration":0,"failureDetails":[],"failureMessages":[],"fullName":"TencentCI Provider - 单元测试 参数校验 应该拒绝无效的objectKey类型","invocations":1,"location":null,"numPassingAsserts":1,"retryReasons":[],"status":"passed","title":"应该拒绝无效的objectKey类型"},{"ancestorTitles":["TencentCI Provider - 单元测试","参数校验"],"duration":0,"failureDetails":[],"failureMessages":[],"fullName":"TencentCI Provider - 单元测试 参数校验 应该拒绝缺少params","invocations":1,"location":null,"numPassingAsserts":1,"retryReasons":[],"status":"passed","title":"应该拒绝缺少params"},{"ancestorTitles":["TencentCI Provider - 单元测试","参数校验"],"duration":0,"failureDetails":[],"failureMessages":[],"fullName":"TencentCI Provider - 单元测试 参数校验 应该拒绝无效的params类型","invocations":1,"location":null,"numPassingAsserts":1,"retryReasons":[],"status":"passed","title":"应该拒绝无效的params类型"},{"ancestorTitles":["TencentCI Provider - 单元测试","参数校验"],"duration":0,"failureDetails":[],"failureMessages":[],"fullName":"TencentCI Provider - 单元测试 参数校验 应该拒绝不完整的auth配置","invocations":1,"location":null,"numPassingAsserts":1,"retryReasons":[],"status":"passed","title":"应该拒绝不完整的auth配置"},{"ancestorTitles":["TencentCI Provider - 单元测试","参数校验"],"duration":0,"failureDetails":[],"failureMessages":[],"fullName":"TencentCI Provider - 单元测试 参数校验 应该接受有效输入（不带auth）","invocations":1,"location":null,"numPassingAsserts":1,"retryReasons":[],"status":"passed","title":"应该接受有效输入（不带auth）"},{"ancestorTitles":["TencentCI Provider - 单元测试","参数校验"],"duration":0,"failureDetails":[],"failureMessages":[],"fullName":"TencentCI Provider - 单元测试 参数校验 应该接受有效输入（带auth）","invocations":1,"location":null,"numPassingAsserts":1,"retryReasons":[],"status":"passed","title":"应该接受有效输入（带auth）"},{"ancestorTitles":["TencentCI Provider - 单元测试","参数校验"],"duration":1,"failureDetails":[],"failureMessages":[],"fullName":"TencentCI Provider - 单元测试 参数校验 应该接受各种有效的region格式","invocations":1,"location":null,"numPassingAsserts":4,"retryReasons":[],"status":"passed","title":"应该接受各种有效的region格式"},{"ancestorTitles":["TencentCI Provider - 单元测试","占位实现执行"],"duration":0,"failureDetails":[],"failureMessages":[],"fullName":"TencentCI Provider - 单元测试 占位实现执行 应该成功执行图片处理（占位）","invocations":1,"location":null,"numPassingAsserts":8,"retryReasons":[],"status":"passed","title":"应该成功执行图片处理（占位）"},{"ancestorTitles":["TencentCI Provider - 单元测试","占位实现执行"],"duration":1,"failureDetails":[],"failureMessages":[],"fullName":"TencentCI Provider - 单元测试 占位实现执行 应该成功执行视频处理（占位）","invocations":1,"location":null,"numPassingAsserts":2,"retryReasons":[],"status":"passed","title":"应该成功执行视频处理（占位）"},{"ancestorTitles":["TencentCI Provider - 单元测试","占位实现执行"],"duration":0,"failureDetails":[],"failureMessages":[],"fullName":"TencentCI Provider - 单元测试 占位实现执行 应该成功执行内容审核（占位）","invocations":1,"location":null,"numPassingAsserts":2,"retryReasons":[],"status":"passed","title":"应该成功执行内容审核（占位）"},{"ancestorTitles":["TencentCI Provider - 单元测试","占位实现执行"],"duration":0,"failureDetails":[],"failureMessages":[],"fullName":"TencentCI Provider - 单元测试 占位实现执行 应该记录warning日志提示未实现","invocations":1,"location":null,"numPassingAsserts":2,"retryReasons":[],"status":"passed","title":"应该记录warning日志提示未实现"},{"ancestorTitles":["TencentCI Provider - 单元测试","健康检查"],"duration":0,"failureDetails":[],"failureMessages":[],"fullName":"TencentCI Provider - 单元测试 健康检查 应该返回健康状态","invocations":1,"location":null,"numPassingAsserts":1,"retryReasons":[],"status":"passed","title":"应该返回健康状态"},{"ancestorTitles":["TencentCI Provider - 单元测试","错误处理"],"duration":1,"failureDetails":[],"failureMessages":[],"fullName":"TencentCI Provider - 单元测试 错误处理 应该处理参数校验失败","invocations":1,"location":null,"numPassingAsserts":3,"retryReasons":[],"status":"passed","title":"应该处理参数校验失败"}],"endTime":1762696423167,"message":"","name":"C:\\Users\\qq100\\Desktop\\迭代目录\\新建文件夹 (4)\\backend\\tests\\unit\\providers\\tencentCi.handler.test.ts","startTime":1762696423110,"status":"passed","summary":""},{"assertionResults":[{"ancestorTitles":["Knex configuration"],"duration":1,"failureDetails":[],"failureMessages":[],"fullName":"Knex configuration defines development, test, and production environments","invocations":1,"location":null,"numPassingAsserts":3,"retryReasons":[],"status":"passed","title":"defines development, test, and production environments"},{"ancestorTitles":["Knex configuration"],"duration":1,"failureDetails":[],"failureMessages":[],"fullName":"Knex configuration each environment exposes client, connection, and migrations directory","invocations":1,"location":null,"numPassingAsserts":12,"retryReasons":[],"status":"passed","title":"each environment exposes client, connection, and migrations directory"}],"endTime":1762696423230,"message":"","name":"C:\\Users\\qq100\\Desktop\\迭代目录\\新建文件夹 (4)\\backend\\tests\\unit\\migration.test.ts","startTime":1762696423171,"status":"passed","summary":""},{"assertionResults":[{"ancestorTitles":["Template Utils - 单元测试","extractValue"],"duration":1,"failureDetails":[],"failureMessages":[],"fullName":"Template Utils - 单元测试 extractValue 应该提取简单属性","invocations":1,"location":null,"numPassingAsserts":2,"retryReasons":[],"status":"passed","title":"应该提取简单属性"},{"ancestorTitles":["Template Utils - 单元测试","extractValue"],"duration":1,"failureDetails":[],"failureMessages":[],"fullName":"Template Utils - 单元测试 extractValue 应该提取嵌套属性","invocations":1,"location":null,"numPassingAsserts":2,"retryReasons":[],"status":"passed","title":"应该提取嵌套属性"},{"ancestorTitles":["Template Utils - 单元测试","extractValue"],"duration":0,"failureDetails":[],"failureMessages":[],"fullName":"Template Utils - 单元测试 extractValue 路径不存在时应该返回undefined","invocations":1,"location":null,"numPassingAsserts":2,"retryReasons":[],"status":"passed","title":"路径不存在时应该返回undefined"},{"ancestorTitles":["Template Utils - 单元测试","extractValue"],"duration":0,"failureDetails":[],"failureMessages":[],"fullName":"Template Utils - 单元测试 extractValue 应该处理null和undefined","invocations":1,"location":null,"numPassingAsserts":2,"retryReasons":[],"status":"passed","title":"应该处理null和undefined"},{"ancestorTitles":["Template Utils - 单元测试","extractValue"],"duration":0,"failureDetails":[],"failureMessages":[],"fullName":"Template Utils - 单元测试 extractValue 应该处理数组","invocations":1,"location":null,"numPassingAsserts":2,"retryReasons":[],"status":"passed","title":"应该处理数组"},{"ancestorTitles":["Template Utils - 单元测试","escapeHtml"],"duration":0,"failureDetails":[],"failureMessages":[],"fullName":"Template Utils - 单元测试 escapeHtml 应该转义HTML特殊字符","invocations":1,"location":null,"numPassingAsserts":1,"retryReasons":[],"status":"passed","title":"应该转义HTML特殊字符"},{"ancestorTitles":["Template Utils - 单元测试","escapeHtml"],"duration":1,"failureDetails":[],"failureMessages":[],"fullName":"Template Utils - 单元测试 escapeHtml 应该转义所有危险字符","invocations":1,"location":null,"numPassingAsserts":1,"retryReasons":[],"status":"passed","title":"应该转义所有危险字符"},{"ancestorTitles":["Template Utils - 单元测试","escapeHtml"],"duration":0,"failureDetails":[],"failureMessages":[],"fullName":"Template Utils - 单元测试 escapeHtml 普通字符串不应该被改变","invocations":1,"location":null,"numPassingAsserts":1,"retryReasons":[],"status":"passed","title":"普通字符串不应该被改变"},{"ancestorTitles":["Template Utils - 单元测试","replaceVariables - 字符串"],"duration":0,"failureDetails":[],"failureMessages":[],"fullName":"Template Utils - 单元测试 replaceVariables - 字符串 应该替换简单变量","invocations":1,"location":null,"numPassingAsserts":1,"retryReasons":[],"status":"passed","title":"应该替换简单变量"},{"ancestorTitles":["Template Utils - 单元测试","replaceVariables - 字符串"],"duration":0,"failureDetails":[],"failureMessages":[],"fullName":"Template Utils - 单元测试 replaceVariables - 字符串 应该替换多个变量","invocations":1,"location":null,"numPassingAsserts":1,"retryReasons":[],"status":"passed","title":"应该替换多个变量"},{"ancestorTitles":["Template Utils - 单元测试","replaceVariables - 字符串"],"duration":0,"failureDetails":[],"failureMessages":[],"fullName":"Template Utils - 单元测试 replaceVariables - 字符串 应该替换嵌套变量","invocations":1,"location":null,"numPassingAsserts":1,"retryReasons":[],"status":"passed","title":"应该替换嵌套变量"},{"ancestorTitles":["Template Utils - 单元测试","replaceVariables - 字符串"],"duration":0,"failureDetails":[],"failureMessages":[],"fullName":"Template Utils - 单元测试 replaceVariables - 字符串 未定义的变量应该替换为空字符串","invocations":1,"location":null,"numPassingAsserts":1,"retryReasons":[],"status":"passed","title":"未定义的变量应该替换为空字符串"},{"ancestorTitles":["Template Utils - 单元测试","replaceVariables - 字符串"],"duration":6,"failureDetails":[],"failureMessages":[],"fullName":"Template Utils - 单元测试 replaceVariables - 字符串 throwOnMissing=true时应该抛出错误","invocations":1,"location":null,"numPassingAsserts":1,"retryReasons":[],"status":"passed","title":"throwOnMissing=true时应该抛出错误"},{"ancestorTitles":["Template Utils - 单元测试","replaceVariables - 字符串"],"duration":0,"failureDetails":[],"failureMessages":[],"fullName":"Template Utils - 单元测试 replaceVariables - 字符串 escapeHtml=true时应该转义HTML","invocations":1,"location":null,"numPassingAsserts":2,"retryReasons":[],"status":"passed","title":"escapeHtml=true时应该转义HTML"},{"ancestorTitles":["Template Utils - 单元测试","replaceVariables - 字符串"],"duration":1,"failureDetails":[],"failureMessages":[],"fullName":"Template Utils - 单元测试 replaceVariables - 字符串 应该处理数字和布尔值","invocations":1,"location":null,"numPassingAsserts":1,"retryReasons":[],"status":"passed","title":"应该处理数字和布尔值"},{"ancestorTitles":["Template Utils - 单元测试","replaceVariables - 字符串"],"duration":0,"failureDetails":[],"failureMessages":[],"fullName":"Template Utils - 单元测试 replaceVariables - 字符串 应该只替换合法的变量名","invocations":1,"location":null,"numPassingAsserts":3,"retryReasons":[],"status":"passed","title":"应该只替换合法的变量名"},{"ancestorTitles":["Template Utils - 单元测试","replaceVariables - 对象和数组"],"duration":0,"failureDetails":[],"failureMessages":[],"fullName":"Template Utils - 单元测试 replaceVariables - 对象和数组 应该递归替换对象中的变量","invocations":1,"location":null,"numPassingAsserts":1,"retryReasons":[],"status":"passed","title":"应该递归替换对象中的变量"},{"ancestorTitles":["Template Utils - 单元测试","replaceVariables - 对象和数组"],"duration":0,"failureDetails":[],"failureMessages":[],"fullName":"Template Utils - 单元测试 replaceVariables - 对象和数组 应该递归替换数组中的变量","invocations":1,"location":null,"numPassingAsserts":1,"retryReasons":[],"status":"passed","title":"应该递归替换数组中的变量"},{"ancestorTitles":["Template Utils - 单元测试","replaceVariables - 对象和数组"],"duration":1,"failureDetails":[],"failureMessages":[],"fullName":"Template Utils - 单元测试 replaceVariables - 对象和数组 应该处理嵌套的对象和数组","invocations":1,"location":null,"numPassingAsserts":1,"retryReasons":[],"status":"passed","title":"应该处理嵌套的对象和数组"},{"ancestorTitles":["Template Utils - 单元测试","replaceVariables - 对象和数组"],"duration":0,"failureDetails":[],"failureMessages":[],"fullName":"Template Utils - 单元测试 replaceVariables - 对象和数组 应该保留非字符串类型","invocations":1,"location":null,"numPassingAsserts":1,"retryReasons":[],"status":"passed","title":"应该保留非字符串类型"},{"ancestorTitles":["Template Utils - 单元测试","extractVariableReferences"],"duration":0,"failureDetails":[],"failureMessages":[],"fullName":"Template Utils - 单元测试 extractVariableReferences 应该提取字符串中的变量引用","invocations":1,"location":null,"numPassingAsserts":1,"retryReasons":[],"status":"passed","title":"应该提取字符串中的变量引用"},{"ancestorTitles":["Template Utils - 单元测试","extractVariableReferences"],"duration":0,"failureDetails":[],"failureMessages":[],"fullName":"Template Utils - 单元测试 extractVariableReferences 应该提取嵌套变量引用","invocations":1,"location":null,"numPassingAsserts":2,"retryReasons":[],"status":"passed","title":"应该提取嵌套变量引用"},{"ancestorTitles":["Template Utils - 单元测试","extractVariableReferences"],"duration":1,"failureDetails":[],"failureMessages":[],"fullName":"Template Utils - 单元测试 extractVariableReferences 应该去重","invocations":1,"location":null,"numPassingAsserts":1,"retryReasons":[],"status":"passed","title":"应该去重"},{"ancestorTitles":["Template Utils - 单元测试","extractVariableReferences"],"duration":0,"failureDetails":[],"failureMessages":[],"fullName":"Template Utils - 单元测试 extractVariableReferences 应该递归提取对象中的引用","invocations":1,"location":null,"numPassingAsserts":3,"retryReasons":[],"status":"passed","title":"应该递归提取对象中的引用"},{"ancestorTitles":["Template Utils - 单元测试","extractVariableReferences"],"duration":0,"failureDetails":[],"failureMessages":[],"fullName":"Template Utils - 单元测试 extractVariableReferences 空模板应该返回空数组","invocations":1,"location":null,"numPassingAsserts":3,"retryReasons":[],"status":"passed","title":"空模板应该返回空数组"},{"ancestorTitles":["Template Utils - 单元测试","validateVariables"],"duration":0,"failureDetails":[],"failureMessages":[],"fullName":"Template Utils - 单元测试 validateVariables 所有变量都存在时应该返回空数组","invocations":1,"location":null,"numPassingAsserts":1,"retryReasons":[],"status":"passed","title":"所有变量都存在时应该返回空数组"},{"ancestorTitles":["Template Utils - 单元测试","validateVariables"],"duration":0,"failureDetails":[],"failureMessages":[],"fullName":"Template Utils - 单元测试 validateVariables 应该返回缺失的变量名","invocations":1,"location":null,"numPassingAsserts":3,"retryReasons":[],"status":"passed","title":"应该返回缺失的变量名"},{"ancestorTitles":["Template Utils - 单元测试","validateVariables"],"duration":0,"failureDetails":[],"failureMessages":[],"fullName":"Template Utils - 单元测试 validateVariables 应该处理嵌套变量","invocations":1,"location":null,"numPassingAsserts":1,"retryReasons":[],"status":"passed","title":"应该处理嵌套变量"},{"ancestorTitles":["Template Utils - 单元测试","validateVariables"],"duration":0,"failureDetails":[],"failureMessages":[],"fullName":"Template Utils - 单元测试 validateVariables 应该递归检查对象","invocations":1,"location":null,"numPassingAsserts":2,"retryReasons":[],"status":"passed","title":"应该递归检查对象"},{"ancestorTitles":["Template Utils - 单元测试","边界情况"],"duration":0,"failureDetails":[],"failureMessages":[],"fullName":"Template Utils - 单元测试 边界情况 应该处理空模板","invocations":1,"location":null,"numPassingAsserts":3,"retryReasons":[],"status":"passed","title":"应该处理空模板"},{"ancestorTitles":["Template Utils - 单元测试","边界情况"],"duration":0,"failureDetails":[],"failureMessages":[],"fullName":"Template Utils - 单元测试 边界情况 应该处理没有变量的模板","invocations":1,"location":null,"numPassingAsserts":1,"retryReasons":[],"status":"passed","title":"应该处理没有变量的模板"},{"ancestorTitles":["Template Utils - 单元测试","边界情况"],"duration":1,"failureDetails":[],"failureMessages":[],"fullName":"Template Utils - 单元测试 边界情况 应该处理连续的花括号","invocations":1,"location":null,"numPassingAsserts":1,"retryReasons":[],"status":"passed","title":"应该处理连续的花括号"},{"ancestorTitles":["Template Utils - 单元测试","边界情况"],"duration":0,"failureDetails":[],"failureMessages":[],"fullName":"Template Utils - 单元测试 边界情况 应该处理不完整的花括号","invocations":1,"location":null,"numPassingAsserts":1,"retryReasons":[],"status":"passed","title":"应该处理不完整的花括号"}],"endTime":1762696423296,"message":"","name":"C:\\Users\\qq100\\Desktop\\迭代目录\\新建文件夹 (4)\\backend\\tests\\unit\\utils\\template.test.ts","startTime":1762696423234,"status":"passed","summary":""},{"assertionResults":[{"ancestorTitles":["MembershipBenefitsController - 单元测试","listBenefits"],"duration":1,"failureDetails":[],"failureMessages":[],"fullName":"MembershipBenefitsController - 单元测试 listBenefits 应该成功列出权益","invocations":1,"location":null,"numPassingAsserts":1,"retryReasons":[],"status":"passed","title":"应该成功列出权益"},{"ancestorTitles":["MembershipBenefitsController - 单元测试","createBenefit"],"duration":1,"failureDetails":[],"failureMessages":[],"fullName":"MembershipBenefitsController - 单元测试 createBenefit 应该成功创建权益","invocations":1,"location":null,"numPassingAsserts":2,"retryReasons":[],"status":"passed","title":"应该成功创建权益"},{"ancestorTitles":["MembershipBenefitsController - 单元测试","createBenefit"],"duration":0,"failureDetails":[],"failureMessages":[],"fullName":"MembershipBenefitsController - 单元测试 createBenefit 权益名称为空应该返回400","invocations":1,"location":null,"numPassingAsserts":1,"retryReasons":[],"status":"passed","title":"权益名称为空应该返回400"},{"ancestorTitles":["MembershipBenefitsController - 单元测试","createBenefit"],"duration":0,"failureDetails":[],"failureMessages":[],"fullName":"MembershipBenefitsController - 单元测试 createBenefit key为空应该返回400","invocations":1,"location":null,"numPassingAsserts":1,"retryReasons":[],"status":"passed","title":"key为空应该返回400"},{"ancestorTitles":["MembershipBenefitsController - 单元测试","createBenefit"],"duration":0,"failureDetails":[],"failureMessages":[],"fullName":"MembershipBenefitsController - 单元测试 createBenefit type无效应该返回400","invocations":1,"location":null,"numPassingAsserts":1,"retryReasons":[],"status":"passed","title":"type无效应该返回400"},{"ancestorTitles":["MembershipBenefitsController - 单元测试","getBenefit"],"duration":0,"failureDetails":[],"failureMessages":[],"fullName":"MembershipBenefitsController - 单元测试 getBenefit 应该成功获取权益","invocations":1,"location":null,"numPassingAsserts":1,"retryReasons":[],"status":"passed","title":"应该成功获取权益"},{"ancestorTitles":["MembershipBenefitsController - 单元测试","getBenefit"],"duration":0,"failureDetails":[],"failureMessages":[],"fullName":"MembershipBenefitsController - 单元测试 getBenefit 权益不存在应该返回404","invocations":1,"location":null,"numPassingAsserts":1,"retryReasons":[],"status":"passed","title":"权益不存在应该返回404"},{"ancestorTitles":["MembershipBenefitsController - 单元测试","updateBenefit"],"duration":0,"failureDetails":[],"failureMessages":[],"fullName":"MembershipBenefitsController - 单元测试 updateBenefit 应该成功更新权益","invocations":1,"location":null,"numPassingAsserts":1,"retryReasons":[],"status":"passed","title":"应该成功更新权益"},{"ancestorTitles":["MembershipBenefitsController - 单元测试","deleteBenefit"],"duration":0,"failureDetails":[],"failureMessages":[],"fullName":"MembershipBenefitsController - 单元测试 deleteBenefit 应该成功删除权益","invocations":1,"location":null,"numPassingAsserts":1,"retryReasons":[],"status":"passed","title":"应该成功删除权益"},{"ancestorTitles":["MembershipBenefitsController - 单元测试","deleteBenefit"],"duration":0,"failureDetails":[],"failureMessages":[],"fullName":"MembershipBenefitsController - 单元测试 deleteBenefit 删除不存在的权益应该返回404","invocations":1,"location":null,"numPassingAsserts":1,"retryReasons":[],"status":"passed","title":"删除不存在的权益应该返回404"}],"endTime":1762696423359,"message":"","name":"C:\\Users\\qq100\\Desktop\\迭代目录\\新建文件夹 (4)\\backend\\tests\\unit\\controllers\\membershipBenefits.controller.test.ts","startTime":1762696423308,"status":"passed","summary":""}],"wasInterrupted":false}
